2014/08/07 17:17:03 [error] [exception.CException] exception 'CException' with message '属性 "Gallery.poster" 未被定义.' in D:\PHPWorkspace\yiiroot\framework\base\CComponent.php:130
Stack trace:
#0 D:\PHPWorkspace\yiiroot\framework\db\ar\CActiveRecord.php(145): CComponent->__get('poster')
#1 D:\PHPWorkspace\windlife\protected\modules\admin\views\gallery\index.php(29): CActiveRecord->__get('poster')
#2 D:\PHPWorkspace\yiiroot\framework\web\CBaseController.php(126): require('D:\\PHPWorkspace...')
#3 D:\PHPWorkspace\yiiroot\framework\web\CBaseController.php(95): CBaseController->renderInternal('D:\\PHPWorkspace...', Array, true)
#4 D:\PHPWorkspace\yiiroot\framework\web\CController.php(869): CBaseController->renderFile('D:\\PHPWorkspace...', Array, true)
#5 D:\PHPWorkspace\yiiroot\framework\web\CController.php(782): CController->renderPartial('index', Array, true)
#6 D:\PHPWorkspace\windlife\protected\modules\admin\controllers\GalleryController.php(56): CController->render('index', Array)
#7 D:\PHPWorkspace\yiiroot\framework\web\actions\CInlineAction.php(49): GalleryController->actionIndex()
#8 D:\PHPWorkspace\yiiroot\framework\web\CController.php(308): CInlineAction->runWithParams(Array)
#9 D:\PHPWorkspace\yiiroot\framework\web\CController.php(286): CController->runAction(Object(CInlineAction))
#10 D:\PHPWorkspace\yiiroot\framework\web\CController.php(265): CController->runActionWithFilters(Object(CInlineAction), Array)
#11 D:\PHPWorkspace\yiiroot\framework\web\CWebApplication.php(282): CController->run('index')
#12 D:\PHPWorkspace\yiiroot\framework\web\CWebApplication.php(141): CWebApplication->runController('admin/gallery/i...')
#13 D:\PHPWorkspace\yiiroot\framework\base\CApplication.php(180): CWebApplication->processRequest()
#14 D:\PHPWorkspace\windlife\index.php(13): CApplication->run()
#15 {main}
REQUEST_URI=/?r=admin/gallery/index&column_id=20
HTTP_REFERER=http://localhost/?r=admin/content/init
---
2014/08/07 17:17:04 [error] [exception.CException] exception 'CException' with message '属性 "Gallery.poster" 未被定义.' in D:\PHPWorkspace\yiiroot\framework\base\CComponent.php:130
Stack trace:
#0 D:\PHPWorkspace\yiiroot\framework\db\ar\CActiveRecord.php(145): CComponent->__get('poster')
#1 D:\PHPWorkspace\windlife\protected\modules\admin\views\gallery\index.php(29): CActiveRecord->__get('poster')
#2 D:\PHPWorkspace\yiiroot\framework\web\CBaseController.php(126): require('D:\\PHPWorkspace...')
#3 D:\PHPWorkspace\yiiroot\framework\web\CBaseController.php(95): CBaseController->renderInternal('D:\\PHPWorkspace...', Array, true)
#4 D:\PHPWorkspace\yiiroot\framework\web\CController.php(869): CBaseController->renderFile('D:\\PHPWorkspace...', Array, true)
#5 D:\PHPWorkspace\yiiroot\framework\web\CController.php(782): CController->renderPartial('index', Array, true)
#6 D:\PHPWorkspace\windlife\protected\modules\admin\controllers\GalleryController.php(56): CController->render('index', Array)
#7 D:\PHPWorkspace\yiiroot\framework\web\actions\CInlineAction.php(49): GalleryController->actionIndex()
#8 D:\PHPWorkspace\yiiroot\framework\web\CController.php(308): CInlineAction->runWithParams(Array)
#9 D:\PHPWorkspace\yiiroot\framework\web\CController.php(286): CController->runAction(Object(CInlineAction))
#10 D:\PHPWorkspace\yiiroot\framework\web\CController.php(265): CController->runActionWithFilters(Object(CInlineAction), Array)
#11 D:\PHPWorkspace\yiiroot\framework\web\CWebApplication.php(282): CController->run('index')
#12 D:\PHPWorkspace\yiiroot\framework\web\CWebApplication.php(141): CWebApplication->runController('admin/gallery/i...')
#13 D:\PHPWorkspace\yiiroot\framework\base\CApplication.php(180): CWebApplication->processRequest()
#14 D:\PHPWorkspace\windlife\index.php(13): CApplication->run()
#15 {main}
REQUEST_URI=/?r=admin/gallery/index&column_id=20
HTTP_REFERER=http://localhost/?r=admin/content/init
---
2014/08/07 17:17:04 [error] [exception.CException] exception 'CException' with message '属性 "Gallery.poster" 未被定义.' in D:\PHPWorkspace\yiiroot\framework\base\CComponent.php:130
Stack trace:
#0 D:\PHPWorkspace\yiiroot\framework\db\ar\CActiveRecord.php(145): CComponent->__get('poster')
#1 D:\PHPWorkspace\windlife\protected\modules\admin\views\gallery\index.php(29): CActiveRecord->__get('poster')
#2 D:\PHPWorkspace\yiiroot\framework\web\CBaseController.php(126): require('D:\\PHPWorkspace...')
#3 D:\PHPWorkspace\yiiroot\framework\web\CBaseController.php(95): CBaseController->renderInternal('D:\\PHPWorkspace...', Array, true)
#4 D:\PHPWorkspace\yiiroot\framework\web\CController.php(869): CBaseController->renderFile('D:\\PHPWorkspace...', Array, true)
#5 D:\PHPWorkspace\yiiroot\framework\web\CController.php(782): CController->renderPartial('index', Array, true)
#6 D:\PHPWorkspace\windlife\protected\modules\admin\controllers\GalleryController.php(56): CController->render('index', Array)
#7 D:\PHPWorkspace\yiiroot\framework\web\actions\CInlineAction.php(49): GalleryController->actionIndex()
#8 D:\PHPWorkspace\yiiroot\framework\web\CController.php(308): CInlineAction->runWithParams(Array)
#9 D:\PHPWorkspace\yiiroot\framework\web\CController.php(286): CController->runAction(Object(CInlineAction))
#10 D:\PHPWorkspace\yiiroot\framework\web\CController.php(265): CController->runActionWithFilters(Object(CInlineAction), Array)
#11 D:\PHPWorkspace\yiiroot\framework\web\CWebApplication.php(282): CController->run('index')
#12 D:\PHPWorkspace\yiiroot\framework\web\CWebApplication.php(141): CWebApplication->runController('admin/gallery/i...')
#13 D:\PHPWorkspace\yiiroot\framework\base\CApplication.php(180): CWebApplication->processRequest()
#14 D:\PHPWorkspace\windlife\index.php(13): CApplication->run()
#15 {main}
REQUEST_URI=/?r=admin/gallery/index&column_id=20
HTTP_REFERER=http://localhost/?r=admin/content/init
---
2014/08/07 17:17:05 [error] [exception.CException] exception 'CException' with message '属性 "Gallery.poster" 未被定义.' in D:\PHPWorkspace\yiiroot\framework\base\CComponent.php:130
Stack trace:
#0 D:\PHPWorkspace\yiiroot\framework\db\ar\CActiveRecord.php(145): CComponent->__get('poster')
#1 D:\PHPWorkspace\windlife\protected\modules\admin\views\gallery\index.php(29): CActiveRecord->__get('poster')
#2 D:\PHPWorkspace\yiiroot\framework\web\CBaseController.php(126): require('D:\\PHPWorkspace...')
#3 D:\PHPWorkspace\yiiroot\framework\web\CBaseController.php(95): CBaseController->renderInternal('D:\\PHPWorkspace...', Array, true)
#4 D:\PHPWorkspace\yiiroot\framework\web\CController.php(869): CBaseController->renderFile('D:\\PHPWorkspace...', Array, true)
#5 D:\PHPWorkspace\yiiroot\framework\web\CController.php(782): CController->renderPartial('index', Array, true)
#6 D:\PHPWorkspace\windlife\protected\modules\admin\controllers\GalleryController.php(56): CController->render('index', Array)
#7 D:\PHPWorkspace\yiiroot\framework\web\actions\CInlineAction.php(49): GalleryController->actionIndex()
#8 D:\PHPWorkspace\yiiroot\framework\web\CController.php(308): CInlineAction->runWithParams(Array)
#9 D:\PHPWorkspace\yiiroot\framework\web\CController.php(286): CController->runAction(Object(CInlineAction))
#10 D:\PHPWorkspace\yiiroot\framework\web\CController.php(265): CController->runActionWithFilters(Object(CInlineAction), Array)
#11 D:\PHPWorkspace\yiiroot\framework\web\CWebApplication.php(282): CController->run('index')
#12 D:\PHPWorkspace\yiiroot\framework\web\CWebApplication.php(141): CWebApplication->runController('admin/gallery/i...')
#13 D:\PHPWorkspace\yiiroot\framework\base\CApplication.php(180): CWebApplication->processRequest()
#14 D:\PHPWorkspace\windlife\index.php(13): CApplication->run()
#15 {main}
REQUEST_URI=/?r=admin/gallery/index&column_id=20
HTTP_REFERER=http://localhost/?r=admin/content/init
---
2014/08/07 17:25:31 [error] [exception.CHttpException.404] exception 'CHttpException' with message '信息不存在' in D:\PHPWorkspace\windlife\protected\modules\admin\components\actions\DeleteAction.php:24
Stack trace:
#0 D:\PHPWorkspace\yiiroot\framework\web\actions\CAction.php(76): DeleteAction->run()
#1 D:\PHPWorkspace\yiiroot\framework\web\CController.php(308): CAction->runWithParams(Array)
#2 D:\PHPWorkspace\yiiroot\framework\web\CController.php(286): CController->runAction(Object(DeleteAction))
#3 D:\PHPWorkspace\yiiroot\framework\web\CController.php(265): CController->runActionWithFilters(Object(DeleteAction), Array)
#4 D:\PHPWorkspace\yiiroot\framework\web\CWebApplication.php(282): CController->run('delete')
#5 D:\PHPWorkspace\yiiroot\framework\web\CWebApplication.php(141): CWebApplication->runController('admin/gallery/d...')
#6 D:\PHPWorkspace\yiiroot\framework\base\CApplication.php(180): CWebApplication->processRequest()
#7 D:\PHPWorkspace\windlife\index.php(13): CApplication->run()
#8 {main}
REQUEST_URI=/?r=admin/gallery/delete&column_id=20&id=30
HTTP_REFERER=http://localhost/?r=admin%2Fgallery%2Findex&column_id=20&Gallery%5Bsearch_begintime%5D=&Gallery%5Bsearch_endtime%5D=&Gallery%5Bsearch_field%5D=id&Gallery%5Bsearch_value%5D=30&yt0=%E6%90%9C%E7%B4%A2
---
2014/08/07 17:26:16 [error] [exception.CHttpException.404] exception 'CHttpException' with message '信息不存在' in D:\PHPWorkspace\windlife\protected\modules\admin\components\actions\DeleteAction.php:24
Stack trace:
#0 D:\PHPWorkspace\yiiroot\framework\web\actions\CAction.php(76): DeleteAction->run()
#1 D:\PHPWorkspace\yiiroot\framework\web\CController.php(308): CAction->runWithParams(Array)
#2 D:\PHPWorkspace\yiiroot\framework\web\CController.php(286): CController->runAction(Object(DeleteAction))
#3 D:\PHPWorkspace\yiiroot\framework\web\CController.php(265): CController->runActionWithFilters(Object(DeleteAction), Array)
#4 D:\PHPWorkspace\yiiroot\framework\web\CWebApplication.php(282): CController->run('delete')
#5 D:\PHPWorkspace\yiiroot\framework\web\CWebApplication.php(141): CWebApplication->runController('admin/gallery/d...')
#6 D:\PHPWorkspace\yiiroot\framework\base\CApplication.php(180): CWebApplication->processRequest()
#7 D:\PHPWorkspace\windlife\index.php(13): CApplication->run()
#8 {main}
REQUEST_URI=/?r=admin/gallery/delete&column_id=20&id=30
HTTP_REFERER=http://localhost/?r=admin/gallery/index&column_id=20
---
2014/08/07 17:26:48 [error] [exception.CDbException] exception 'CDbException' with message 'Table "wl_gallery" 没有名为 "gallery_id" 的栏位.' in D:\PHPWorkspace\yiiroot\framework\db\schema\CDbCommandBuilder.php:694
Stack trace:
#0 D:\PHPWorkspace\yiiroot\framework\db\ar\CActiveRecord.php(1535): CDbCommandBuilder->createColumnCriteria(Object(CMysqlTableSchema), Array, '', Array, '`t`.')
#1 D:\PHPWorkspace\windlife\protected\components\behaviors\MultipleImageUploadBehavior.php(16): CActiveRecord->findAllByAttributes(Array)
#2 D:\PHPWorkspace\yiiroot\framework\base\CComponent.php(561): MultipleImageUploadBehavior->afterDelete(Object(CEvent))
#3 D:\PHPWorkspace\yiiroot\framework\db\ar\CActiveRecord.php(868): CComponent->raiseEvent('onAfterDelete', Object(CEvent))
#4 D:\PHPWorkspace\yiiroot\framework\db\ar\CActiveRecord.php(989): CActiveRecord->onAfterDelete(Object(CEvent))
#5 D:\PHPWorkspace\yiiroot\framework\db\ar\CActiveRecord.php(1223): CActiveRecord->afterDelete()
#6 D:\PHPWorkspace\windlife\protected\modules\admin\components\actions\DeleteAction.php(44): CActiveRecord->delete()
#7 D:\PHPWorkspace\yiiroot\framework\web\actions\CAction.php(76): DeleteAction->run()
#8 D:\PHPWorkspace\yiiroot\framework\web\CController.php(308): CAction->runWithParams(Array)
#9 D:\PHPWorkspace\yiiroot\framework\web\CController.php(286): CController->runAction(Object(DeleteAction))
#10 D:\PHPWorkspace\yiiroot\framework\web\CController.php(265): CController->runActionWithFilters(Object(DeleteAction), Array)
#11 D:\PHPWorkspace\yiiroot\framework\web\CWebApplication.php(282): CController->run('delete')
#12 D:\PHPWorkspace\yiiroot\framework\web\CWebApplication.php(141): CWebApplication->runController('admin/gallery/d...')
#13 D:\PHPWorkspace\yiiroot\framework\base\CApplication.php(180): CWebApplication->processRequest()
#14 D:\PHPWorkspace\windlife\index.php(13): CApplication->run()
#15 {main}
REQUEST_URI=/?r=admin/gallery/delete&column_id=20&id=30
HTTP_REFERER=http://localhost/?r=admin/gallery/index&column_id=20
---
2014/08/26 10:32:41 [error] [exception.CHttpException.404] exception 'CHttpException' with message '无法解析请求 "favicon.ico"。' in D:\PHPWorkspace\yiiroot\framework\web\CWebApplication.php:286
Stack trace:
#0 D:\PHPWorkspace\yiiroot\framework\web\CWebApplication.php(141): CWebApplication->runController('favicon.ico')
#1 D:\PHPWorkspace\yiiroot\framework\base\CApplication.php(180): CWebApplication->processRequest()
#2 D:\PHPWorkspace\windlife\index.php(13): CApplication->run()
#3 {main}
REQUEST_URI=/favicon.ico
---
2014/08/26 10:33:03 [error] [exception.CHttpException.404] exception 'CHttpException' with message '无法解析请求 "favicon.ico"。' in D:\PHPWorkspace\yiiroot\framework\web\CWebApplication.php:286
Stack trace:
#0 D:\PHPWorkspace\yiiroot\framework\web\CWebApplication.php(141): CWebApplication->runController('favicon.ico')
#1 D:\PHPWorkspace\yiiroot\framework\base\CApplication.php(180): CWebApplication->processRequest()
#2 D:\PHPWorkspace\windlife\index.php(13): CApplication->run()
#3 {main}
REQUEST_URI=/favicon.ico
---
2014/08/26 10:33:10 [error] [exception.CHttpException.404] exception 'CHttpException' with message '无法解析请求 "favicon.ico"。' in D:\PHPWorkspace\yiiroot\framework\web\CWebApplication.php:286
Stack trace:
#0 D:\PHPWorkspace\yiiroot\framework\web\CWebApplication.php(141): CWebApplication->runController('favicon.ico')
#1 D:\PHPWorkspace\yiiroot\framework\base\CApplication.php(180): CWebApplication->processRequest()
#2 D:\PHPWorkspace\windlife\index.php(13): CApplication->run()
#3 {main}
REQUEST_URI=/favicon.ico
---
2014/08/26 10:33:12 [error] [exception.CHttpException.404] exception 'CHttpException' with message '无法解析请求 "css/images/admin/input.png"。' in D:\PHPWorkspace\yiiroot\framework\web\CWebApplication.php:286
Stack trace:
#0 D:\PHPWorkspace\yiiroot\framework\web\CWebApplication.php(141): CWebApplication->runController('css/images/admi...')
#1 D:\PHPWorkspace\yiiroot\framework\base\CApplication.php(180): CWebApplication->processRequest()
#2 D:\PHPWorkspace\windlife\index.php(13): CApplication->run()
#3 {main}
REQUEST_URI=/css/images/admin/input.png
HTTP_REFERER=http://localhost/?r=admin/default/index
---
2014/08/26 10:33:13 [error] [exception.CHttpException.404] exception 'CHttpException' with message '无法解析请求 "favicon.ico"。' in D:\PHPWorkspace\yiiroot\framework\web\CWebApplication.php:286
Stack trace:
#0 D:\PHPWorkspace\yiiroot\framework\web\CWebApplication.php(141): CWebApplication->runController('favicon.ico')
#1 D:\PHPWorkspace\yiiroot\framework\base\CApplication.php(180): CWebApplication->processRequest()
#2 D:\PHPWorkspace\windlife\index.php(13): CApplication->run()
#3 {main}
REQUEST_URI=/favicon.ico
---
2014/08/26 10:33:30 [error] [exception.CHttpException.404] exception 'CHttpException' with message '无法解析请求 "admin/log/index"。' in D:\PHPWorkspace\yiiroot\framework\web\CWebApplication.php:286
Stack trace:
#0 D:\PHPWorkspace\yiiroot\framework\web\CWebApplication.php(141): CWebApplication->runController('admin/log/index')
#1 D:\PHPWorkspace\yiiroot\framework\base\CApplication.php(180): CWebApplication->processRequest()
#2 D:\PHPWorkspace\windlife\index.php(13): CApplication->run()
#3 {main}
REQUEST_URI=/?r=admin/log/index
HTTP_REFERER=http://localhost/?r=admin/default/index
---
2014/08/26 10:33:32 [error] [exception.CHttpException.404] exception 'CHttpException' with message '无法解析请求 "admin/database/index"。' in D:\PHPWorkspace\yiiroot\framework\web\CWebApplication.php:286
Stack trace:
#0 D:\PHPWorkspace\yiiroot\framework\web\CWebApplication.php(141): CWebApplication->runController('admin/database/...')
#1 D:\PHPWorkspace\yiiroot\framework\base\CApplication.php(180): CWebApplication->processRequest()
#2 D:\PHPWorkspace\windlife\index.php(13): CApplication->run()
#3 {main}
REQUEST_URI=/?r=admin/database/index
HTTP_REFERER=http://localhost/?r=admin/default/index
---
2014/08/26 10:33:33 [error] [exception.CHttpException.404] exception 'CHttpException' with message '无法解析请求 "admin/sitemap/index"。' in D:\PHPWorkspace\yiiroot\framework\web\CWebApplication.php:286
Stack trace:
#0 D:\PHPWorkspace\yiiroot\framework\web\CWebApplication.php(141): CWebApplication->runController('admin/sitemap/i...')
#1 D:\PHPWorkspace\yiiroot\framework\base\CApplication.php(180): CWebApplication->processRequest()
#2 D:\PHPWorkspace\windlife\index.php(13): CApplication->run()
#3 {main}
REQUEST_URI=/?r=admin/sitemap/index
HTTP_REFERER=http://localhost/?r=admin/default/index
---
2014/08/28 09:04:37 [error] [exception.CHttpException.404] exception 'CHttpException' with message '无法解析请求 "css/style.css"。' in D:\PHPWorkspace\yiiroot\framework\web\CWebApplication.php:286
Stack trace:
#0 D:\PHPWorkspace\yiiroot\framework\web\CWebApplication.php(141): CWebApplication->runController('css/style.css')
#1 D:\PHPWorkspace\yiiroot\framework\base\CApplication.php(180): CWebApplication->processRequest()
#2 D:\PHPWorkspace\windlife\index.php(13): CApplication->run()
#3 {main}
REQUEST_URI=/css/style.css
HTTP_REFERER=http://localhost/
---
2014/08/28 09:04:37 [error] [exception.CHttpException.404] exception 'CHttpException' with message '无法解析请求 "favicon.ico"。' in D:\PHPWorkspace\yiiroot\framework\web\CWebApplication.php:286
Stack trace:
#0 D:\PHPWorkspace\yiiroot\framework\web\CWebApplication.php(141): CWebApplication->runController('favicon.ico')
#1 D:\PHPWorkspace\yiiroot\framework\base\CApplication.php(180): CWebApplication->processRequest()
#2 D:\PHPWorkspace\windlife\index.php(13): CApplication->run()
#3 {main}
REQUEST_URI=/favicon.ico
---
2014/08/28 09:04:37 [error] [exception.CHttpException.404] exception 'CHttpException' with message '无法解析请求 "favicon.ico"。' in D:\PHPWorkspace\yiiroot\framework\web\CWebApplication.php:286
Stack trace:
#0 D:\PHPWorkspace\yiiroot\framework\web\CWebApplication.php(141): CWebApplication->runController('favicon.ico')
#1 D:\PHPWorkspace\yiiroot\framework\base\CApplication.php(180): CWebApplication->processRequest()
#2 D:\PHPWorkspace\windlife\index.php(13): CApplication->run()
#3 {main}
REQUEST_URI=/favicon.ico
---
2014/08/28 09:15:14 [error] [php] include(): open_basedir restriction in effect. File(D:\PHPWorkspace\yiiroot\framework\web\CWebModule.php) is not within the allowed path(s): (d:/phpworkspace/windlife) (D:\PHPWorkspace\yiiroot\framework\YiiBase.php:403)
Stack trace:
#0 D:\PHPWorkspace\windlife\protected\modules\admin\AdminModule.php(4): spl_autoload_call()
#1 D:\PHPWorkspace\yiiroot\framework\YiiBase.php(320): require()
#2 D:\PHPWorkspace\yiiroot\framework\YiiBase.php(196): import()
#3 D:\PHPWorkspace\yiiroot\framework\base\CModule.php(282): createComponent()
#4 D:\PHPWorkspace\yiiroot\framework\web\CWebApplication.php(337): CWebApplication->getModule()
#5 D:\PHPWorkspace\yiiroot\framework\web\CWebApplication.php(276): CWebApplication->createController()
#6 D:\PHPWorkspace\yiiroot\framework\web\CWebApplication.php(141): CWebApplication->runController()
#7 D:\PHPWorkspace\yiiroot\framework\base\CApplication.php(180): CWebApplication->processRequest()
#8 D:\PHPWorkspace\windlife\index.php(13): CWebApplication->run()
REQUEST_URI=/?r=admin/default/login
2014/08/28 09:16:01 [error] [php] include(): open_basedir restriction in effect. File(D:\PHPWorkspace\yiiroot\framework\web\CClientScript.php) is not within the allowed path(s): (d:/phpworkspace/windlife) (D:\PHPWorkspace\yiiroot\framework\YiiBase.php:403)
Stack trace:
#0 D:\PHPWorkspace\yiiroot\framework\YiiBase.php(196): import()
#1 D:\PHPWorkspace\yiiroot\framework\base\CModule.php(386): createComponent()
#2 D:\PHPWorkspace\yiiroot\framework\base\CModule.php(103): CWebApplication->getComponent()
#3 D:\PHPWorkspace\windlife\protected\controllers\SiteController.php(41): CWebApplication->__get()
#4 D:\PHPWorkspace\yiiroot\framework\web\actions\CInlineAction.php(49): SiteController->actionIndex()
#5 D:\PHPWorkspace\yiiroot\framework\web\CController.php(308): CInlineAction->runWithParams()
#6 D:\PHPWorkspace\yiiroot\framework\web\CController.php(286): SiteController->runAction()
#7 D:\PHPWorkspace\yiiroot\framework\web\CController.php(265): SiteController->runActionWithFilters()
#8 D:\PHPWorkspace\yiiroot\framework\web\CWebApplication.php(282): SiteController->run()
#9 D:\PHPWorkspace\yiiroot\framework\web\CWebApplication.php(141): CWebApplication->runController()
#10 D:\PHPWorkspace\yiiroot\framework\base\CApplication.php(180): CWebApplication->processRequest()
#11 D:\PHPWorkspace\windlife\index.php(13): CWebApplication->run()
REQUEST_URI=/
2014/08/28 09:16:02 [error] [php] is_file(): open_basedir restriction in effect. File(D:\PHPWorkspace\yiiroot\framework\zii\widgets\CMenu.php) is not within the allowed path(s): (d:/phpworkspace/windlife) (D:\PHPWorkspace\yiiroot\framework\YiiBase.php:319)
Stack trace:
#0 D:\PHPWorkspace\yiiroot\framework\web\CBaseController.php(146): CWidgetFactory->createWidget()
#1 D:\PHPWorkspace\yiiroot\framework\web\CBaseController.php(172): SiteController->createWidget()
#2 D:\PHPWorkspace\windlife\protected\views\layouts\main.php(38): SiteController->widget()
#3 D:\PHPWorkspace\yiiroot\framework\web\CBaseController.php(126): require()
#4 D:\PHPWorkspace\yiiroot\framework\web\CBaseController.php(95): SiteController->renderInternal()
#5 D:\PHPWorkspace\yiiroot\framework\web\widgets\CContentDecorator.php(76): SiteController->renderFile()
#6 D:\PHPWorkspace\yiiroot\framework\web\widgets\CContentDecorator.php(54): CContentDecorator->decorate()
#7 D:\PHPWorkspace\yiiroot\framework\web\widgets\COutputProcessor.php(44): CContentDecorator->processOutput()
#8 D:\PHPWorkspace\yiiroot\framework\web\CBaseController.php(206): CContentDecorator->run()
#9 D:\PHPWorkspace\yiiroot\framework\web\CBaseController.php(300): SiteController->endWidget()
#10 D:\PHPWorkspace\windlife\protected\views\layouts\column1.php(6): SiteController->endContent()
#11 D:\PHPWorkspace\yiiroot\framework\web\CBaseController.php(126): require()
#12 D:\PHPWorkspace\yiiroot\framework\web\CBaseController.php(95): SiteController->renderInternal()
#13 D:\PHPWorkspace\yiiroot\framework\web\CController.php(784): SiteController->renderFile()
#14 D:\PHPWorkspace\windlife\protected\controllers\SiteController.php(44): SiteController->render()
#15 D:\PHPWorkspace\yiiroot\framework\web\actions\CInlineAction.php(49): SiteController->actionIndex()
#16 D:\PHPWorkspace\yiiroot\framework\web\CController.php(308): CInlineAction->runWithParams()
#17 D:\PHPWorkspace\yiiroot\framework\web\CController.php(286): SiteController->runAction()
#18 D:\PHPWorkspace\yiiroot\framework\web\CController.php(265): SiteController->runActionWithFilters()
#19 D:\PHPWorkspace\yiiroot\framework\web\CWebApplication.php(282): SiteController->run()
#20 D:\PHPWorkspace\yiiroot\framework\web\CWebApplication.php(141): CWebApplication->runController()
#21 D:\PHPWorkspace\yiiroot\framework\base\CApplication.php(180): CWebApplication->processRequest()
#22 D:\PHPWorkspace\windlife\index.php(13): CWebApplication->run()
REQUEST_URI=/
2014/08/28 09:16:03 [error] [php] is_file(): open_basedir restriction in effect. File(D:\PHPWorkspace\yiiroot\framework\zii\widgets\CMenu.php) is not within the allowed path(s): (d:/phpworkspace/windlife) (D:\PHPWorkspace\yiiroot\framework\YiiBase.php:319)
Stack trace:
#0 D:\PHPWorkspace\yiiroot\framework\web\CBaseController.php(146): CWidgetFactory->createWidget()
#1 D:\PHPWorkspace\yiiroot\framework\web\CBaseController.php(172): SiteController->createWidget()
#2 D:\PHPWorkspace\windlife\protected\views\layouts\main.php(38): SiteController->widget()
#3 D:\PHPWorkspace\yiiroot\framework\web\CBaseController.php(126): require()
#4 D:\PHPWorkspace\yiiroot\framework\web\CBaseController.php(95): SiteController->renderInternal()
#5 D:\PHPWorkspace\yiiroot\framework\web\widgets\CContentDecorator.php(76): SiteController->renderFile()
#6 D:\PHPWorkspace\yiiroot\framework\web\widgets\CContentDecorator.php(54): CContentDecorator->decorate()
#7 D:\PHPWorkspace\yiiroot\framework\web\widgets\COutputProcessor.php(44): CContentDecorator->processOutput()
#8 D:\PHPWorkspace\yiiroot\framework\web\CBaseController.php(206): CContentDecorator->run()
#9 D:\PHPWorkspace\yiiroot\framework\web\CBaseController.php(300): SiteController->endWidget()
#10 D:\PHPWorkspace\windlife\protected\views\layouts\column1.php(6): SiteController->endContent()
#11 D:\PHPWorkspace\yiiroot\framework\web\CBaseController.php(126): require()
#12 D:\PHPWorkspace\yiiroot\framework\web\CBaseController.php(95): SiteController->renderInternal()
#13 D:\PHPWorkspace\yiiroot\framework\web\CController.php(784): SiteController->renderFile()
#14 D:\PHPWorkspace\windlife\protected\controllers\SiteController.php(44): SiteController->render()
#15 D:\PHPWorkspace\yiiroot\framework\web\actions\CInlineAction.php(49): SiteController->actionIndex()
#16 D:\PHPWorkspace\yiiroot\framework\web\CController.php(308): CInlineAction->runWithParams()
#17 D:\PHPWorkspace\yiiroot\framework\web\CController.php(286): SiteController->runAction()
#18 D:\PHPWorkspace\yiiroot\framework\web\CController.php(265): SiteController->runActionWithFilters()
#19 D:\PHPWorkspace\yiiroot\framework\web\CWebApplication.php(282): SiteController->run()
#20 D:\PHPWorkspace\yiiroot\framework\web\CWebApplication.php(141): CWebApplication->runController()
#21 D:\PHPWorkspace\yiiroot\framework\base\CApplication.php(180): CWebApplication->processRequest()
#22 D:\PHPWorkspace\windlife\index.php(13): CWebApplication->run()
REQUEST_URI=/
2014/08/28 09:19:33 [error] [exception.CHttpException.404] exception 'CHttpException' with message '无法解析请求 "css/style.css"。' in D:\PHPWorkspace\yiiroot\framework\web\CWebApplication.php:286
Stack trace:
#0 D:\PHPWorkspace\yiiroot\framework\web\CWebApplication.php(141): CWebApplication->runController('css/style.css')
#1 D:\PHPWorkspace\yiiroot\framework\base\CApplication.php(180): CWebApplication->processRequest()
#2 D:\PHPWorkspace\windlife\index.php(13): CApplication->run()
#3 {main}
REQUEST_URI=/css/style.css
HTTP_REFERER=http://localhost/
---
2014/08/28 09:19:34 [error] [exception.CHttpException.404] exception 'CHttpException' with message '无法解析请求 "css/style.css"。' in D:\PHPWorkspace\yiiroot\framework\web\CWebApplication.php:286
Stack trace:
#0 D:\PHPWorkspace\yiiroot\framework\web\CWebApplication.php(141): CWebApplication->runController('css/style.css')
#1 D:\PHPWorkspace\yiiroot\framework\base\CApplication.php(180): CWebApplication->processRequest()
#2 D:\PHPWorkspace\windlife\index.php(13): CApplication->run()
#3 {main}
REQUEST_URI=/css/style.css
HTTP_REFERER=http://localhost/
---
2014/08/28 09:20:37 [error] [php] include(): open_basedir restriction in effect. File(D:\PHPWorkspace\yiiroot\framework\web\CWebModule.php) is not within the allowed path(s): (d:\phpworkspace\windlife\) (D:\PHPWorkspace\yiiroot\framework\YiiBase.php:403)
Stack trace:
#0 D:\PHPWorkspace\windlife\protected\modules\admin\AdminModule.php(4): spl_autoload_call()
#1 D:\PHPWorkspace\yiiroot\framework\YiiBase.php(320): require()
#2 D:\PHPWorkspace\yiiroot\framework\YiiBase.php(196): import()
#3 D:\PHPWorkspace\yiiroot\framework\base\CModule.php(282): createComponent()
#4 D:\PHPWorkspace\yiiroot\framework\web\CWebApplication.php(337): CWebApplication->getModule()
#5 D:\PHPWorkspace\yiiroot\framework\web\CWebApplication.php(276): CWebApplication->createController()
#6 D:\PHPWorkspace\yiiroot\framework\web\CWebApplication.php(141): CWebApplication->runController()
#7 D:\PHPWorkspace\yiiroot\framework\base\CApplication.php(180): CWebApplication->processRequest()
#8 D:\PHPWorkspace\windlife\index.php(13): CWebApplication->run()
REQUEST_URI=/?r=admin/default/login
2014/08/28 09:20:38 [error] [php] include(): open_basedir restriction in effect. File(D:\PHPWorkspace\yiiroot\framework\web\CClientScript.php) is not within the allowed path(s): (d:\phpworkspace\windlife\) (D:\PHPWorkspace\yiiroot\framework\YiiBase.php:403)
Stack trace:
#0 D:\PHPWorkspace\yiiroot\framework\YiiBase.php(196): import()
#1 D:\PHPWorkspace\yiiroot\framework\base\CModule.php(386): createComponent()
#2 D:\PHPWorkspace\yiiroot\framework\base\CModule.php(103): CWebApplication->getComponent()
#3 D:\PHPWorkspace\windlife\protected\modules\admin\AdminModule.php(43): CWebApplication->__get()
#4 D:\PHPWorkspace\yiiroot\framework\web\CController.php(263): AdminModule->beforeControllerAction()
#5 D:\PHPWorkspace\yiiroot\framework\web\CWebApplication.php(282): DefaultController->run()
#6 D:\PHPWorkspace\yiiroot\framework\web\CWebApplication.php(141): CWebApplication->runController()
#7 D:\PHPWorkspace\yiiroot\framework\base\CApplication.php(180): CWebApplication->processRequest()
#8 D:\PHPWorkspace\windlife\index.php(13): CWebApplication->run()
REQUEST_URI=/?r=admin/default/login
2014/08/28 09:20:43 [error] [php] require(): open_basedir restriction in effect. File(D:\PHPWorkspace\yiiroot\framework\web\js\packages.php) is not within the allowed path(s): (d:\phpworkspace\windlife\) (D:\PHPWorkspace\yiiroot\framework\web\CClientScript.php:580)
Stack trace:
#0 D:\PHPWorkspace\yiiroot\framework\web\CController.php(263): AdminModule->beforeControllerAction()
#1 D:\PHPWorkspace\yiiroot\framework\web\CWebApplication.php(282): DefaultController->run()
#2 D:\PHPWorkspace\yiiroot\framework\web\CWebApplication.php(141): CWebApplication->runController()
#3 D:\PHPWorkspace\yiiroot\framework\base\CApplication.php(180): CWebApplication->processRequest()
#4 D:\PHPWorkspace\windlife\index.php(13): CWebApplication->run()
REQUEST_URI=/?r=admin/default/login
2014/08/28 09:20:44 [error] [php] include(): open_basedir restriction in effect. File(D:\PHPWorkspace\yiiroot\framework\web\CFormModel.php) is not within the allowed path(s): (d:\phpworkspace\windlife\) (D:\PHPWorkspace\yiiroot\framework\YiiBase.php:403)
Stack trace:
#0 D:\PHPWorkspace\windlife\protected\modules\admin\models\form\AdminFormModel.php(3): spl_autoload_call()
#1 D:\PHPWorkspace\yiiroot\framework\YiiBase.php(427): include()
#2 unknown(0): autoload()
#3 D:\PHPWorkspace\windlife\protected\modules\admin\models\form\AdminLoginForm.php(4): spl_autoload_call()
#4 D:\PHPWorkspace\yiiroot\framework\YiiBase.php(427): include()
#5 unknown(0): autoload()
#6 D:\PHPWorkspace\windlife\protected\modules\admin\controllers\DefaultController.php(35): spl_autoload_call()
#7 D:\PHPWorkspace\yiiroot\framework\web\actions\CInlineAction.php(49): DefaultController->actionLogin()
#8 D:\PHPWorkspace\yiiroot\framework\web\CController.php(308): CInlineAction->runWithParams()
#9 D:\PHPWorkspace\yiiroot\framework\web\filters\CFilterChain.php(133): DefaultController->runAction()
#10 D:\PHPWorkspace\yiiroot\framework\web\filters\CFilter.php(40): CFilterChain->run()
#11 D:\PHPWorkspace\yiiroot\framework\web\CController.php(1145): CAccessControlFilter->filter()
#12 D:\PHPWorkspace\yiiroot\framework\web\filters\CInlineFilter.php(58): DefaultController->filterAccessControl()
#13 D:\PHPWorkspace\yiiroot\framework\web\filters\CFilterChain.php(130): CInlineFilter->filter()
#14 D:\PHPWorkspace\yiiroot\framework\web\CController.php(291): CFilterChain->run()
#15 D:\PHPWorkspace\yiiroot\framework\web\CController.php(265): DefaultController->runActionWithFilters()
#16 D:\PHPWorkspace\yiiroot\framework\web\CWebApplication.php(282): DefaultController->run()
#17 D:\PHPWorkspace\yiiroot\framework\web\CWebApplication.php(141): CWebApplication->runController()
#18 D:\PHPWorkspace\yiiroot\framework\base\CApplication.php(180): CWebApplication->processRequest()
#19 D:\PHPWorkspace\windlife\index.php(13): CWebApplication->run()
REQUEST_URI=/?r=admin/default/login
2014/08/28 09:20:45 [error] [php] include(): open_basedir restriction in effect. File(D:\PHPWorkspace\yiiroot\framework\base\CModel.php) is not within the allowed path(s): (d:\phpworkspace\windlife\) (D:\PHPWorkspace\yiiroot\framework\YiiBase.php:403)
Stack trace:
#0 D:\PHPWorkspace\yiiroot\framework\web\CFormModel.php(27): spl_autoload_call()
#1 D:\PHPWorkspace\yiiroot\framework\YiiBase.php(403): include()
#2 unknown(0): autoload()
#3 D:\PHPWorkspace\windlife\protected\modules\admin\models\form\AdminFormModel.php(3): spl_autoload_call()
#4 D:\PHPWorkspace\yiiroot\framework\YiiBase.php(427): include()
#5 unknown(0): autoload()
#6 D:\PHPWorkspace\windlife\protected\modules\admin\models\form\AdminLoginForm.php(4): spl_autoload_call()
#7 D:\PHPWorkspace\yiiroot\framework\YiiBase.php(427): include()
#8 unknown(0): autoload()
#9 D:\PHPWorkspace\windlife\protected\modules\admin\controllers\DefaultController.php(35): spl_autoload_call()
#10 D:\PHPWorkspace\yiiroot\framework\web\actions\CInlineAction.php(49): DefaultController->actionLogin()
#11 D:\PHPWorkspace\yiiroot\framework\web\CController.php(308): CInlineAction->runWithParams()
#12 D:\PHPWorkspace\yiiroot\framework\web\filters\CFilterChain.php(133): DefaultController->runAction()
#13 D:\PHPWorkspace\yiiroot\framework\web\filters\CFilter.php(40): CFilterChain->run()
#14 D:\PHPWorkspace\yiiroot\framework\web\CController.php(1145): CAccessControlFilter->filter()
#15 D:\PHPWorkspace\yiiroot\framework\web\filters\CInlineFilter.php(58): DefaultController->filterAccessControl()
#16 D:\PHPWorkspace\yiiroot\framework\web\filters\CFilterChain.php(130): CInlineFilter->filter()
#17 D:\PHPWorkspace\yiiroot\framework\web\CController.php(291): CFilterChain->run()
#18 D:\PHPWorkspace\yiiroot\framework\web\CController.php(265): DefaultController->runActionWithFilters()
#19 D:\PHPWorkspace\yiiroot\framework\web\CWebApplication.php(282): DefaultController->run()
#20 D:\PHPWorkspace\yiiroot\framework\web\CWebApplication.php(141): CWebApplication->runController()
#21 D:\PHPWorkspace\yiiroot\framework\base\CApplication.php(180): CWebApplication->processRequest()
#22 D:\PHPWorkspace\windlife\index.php(13): CWebApplication->run()
REQUEST_URI=/?r=admin/default/login
2014/08/28 09:20:46 [error] [php] include(): open_basedir restriction in effect. File(D:\PHPWorkspace\yiiroot\framework\web\widgets\captcha\CCaptcha.php) is not within the allowed path(s): (d:\phpworkspace\windlife\) (D:\PHPWorkspace\yiiroot\framework\YiiBase.php:403)
Stack trace:
#0 D:\PHPWorkspace\windlife\protected\modules\admin\models\form\AdminLoginForm.php(24): spl_autoload_call()
#1 D:\PHPWorkspace\yiiroot\framework\base\CModel.php(284): AdminLoginForm->rules()
#2 D:\PHPWorkspace\yiiroot\framework\base\CModel.php(260): AdminLoginForm->createValidators()
#3 D:\PHPWorkspace\yiiroot\framework\web\helpers\CHtml.php(2236): AdminLoginForm->getValidators()
#4 D:\PHPWorkspace\yiiroot\framework\web\helpers\CHtml.php(1434): activeInputField()
#5 D:\PHPWorkspace\windlife\protected\modules\admin\views\default\login.php(14): activeTextField()
#6 D:\PHPWorkspace\yiiroot\framework\web\CBaseController.php(126): require()
#7 D:\PHPWorkspace\yiiroot\framework\web\CBaseController.php(95): DefaultController->renderInternal()
#8 D:\PHPWorkspace\yiiroot\framework\web\CController.php(869): DefaultController->renderFile()
#9 D:\PHPWorkspace\yiiroot\framework\web\CController.php(782): DefaultController->renderPartial()
#10 D:\PHPWorkspace\windlife\protected\modules\admin\controllers\DefaultController.php(62): DefaultController->render()
#11 D:\PHPWorkspace\yiiroot\framework\web\actions\CInlineAction.php(49): DefaultController->actionLogin()
#12 D:\PHPWorkspace\yiiroot\framework\web\CController.php(308): CInlineAction->runWithParams()
#13 D:\PHPWorkspace\yiiroot\framework\web\filters\CFilterChain.php(133): DefaultController->runAction()
#14 D:\PHPWorkspace\yiiroot\framework\web\filters\CFilter.php(40): CFilterChain->run()
#15 D:\PHPWorkspace\yiiroot\framework\web\CController.php(1145): CAccessControlFilter->filter()
#16 D:\PHPWorkspace\yiiroot\framework\web\filters\CInlineFilter.php(58): DefaultController->filterAccessControl()
#17 D:\PHPWorkspace\yiiroot\framework\web\filters\CFilterChain.php(130): CInlineFilter->filter()
#18 D:\PHPWorkspace\yiiroot\framework\web\CController.php(291): CFilterChain->run()
#19 D:\PHPWorkspace\yiiroot\framework\web\CController.php(265): DefaultController->runActionWithFilters()
#20 D:\PHPWorkspace\yiiroot\framework\web\CWebApplication.php(282): DefaultController->run()
#21 D:\PHPWorkspace\yiiroot\framework\web\CWebApplication.php(141): CWebApplication->runController()
#22 D:\PHPWorkspace\yiiroot\framework\base\CApplication.php(180): CWebApplication->processRequest()
#23 D:\PHPWorkspace\windlife\index.php(13): CWebApplication->run()
REQUEST_URI=/?r=admin/default/login
2014/08/28 09:20:47 [error] [php] include(): open_basedir restriction in effect. File(D:\PHPWorkspace\yiiroot\framework\validators\CValidator.php) is not within the allowed path(s): (d:\phpworkspace\windlife\) (D:\PHPWorkspace\yiiroot\framework\YiiBase.php:403)
Stack trace:
#0 D:\PHPWorkspace\yiiroot\framework\base\CModel.php(287): spl_autoload_call()
#1 D:\PHPWorkspace\yiiroot\framework\base\CModel.php(260): AdminLoginForm->createValidators()
#2 D:\PHPWorkspace\yiiroot\framework\web\helpers\CHtml.php(2236): AdminLoginForm->getValidators()
#3 D:\PHPWorkspace\yiiroot\framework\web\helpers\CHtml.php(1434): activeInputField()
#4 D:\PHPWorkspace\windlife\protected\modules\admin\views\default\login.php(14): activeTextField()
#5 D:\PHPWorkspace\yiiroot\framework\web\CBaseController.php(126): require()
#6 D:\PHPWorkspace\yiiroot\framework\web\CBaseController.php(95): DefaultController->renderInternal()
#7 D:\PHPWorkspace\yiiroot\framework\web\CController.php(869): DefaultController->renderFile()
#8 D:\PHPWorkspace\yiiroot\framework\web\CController.php(782): DefaultController->renderPartial()
#9 D:\PHPWorkspace\windlife\protected\modules\admin\controllers\DefaultController.php(62): DefaultController->render()
#10 D:\PHPWorkspace\yiiroot\framework\web\actions\CInlineAction.php(49): DefaultController->actionLogin()
#11 D:\PHPWorkspace\yiiroot\framework\web\CController.php(308): CInlineAction->runWithParams()
#12 D:\PHPWorkspace\yiiroot\framework\web\filters\CFilterChain.php(133): DefaultController->runAction()
#13 D:\PHPWorkspace\yiiroot\framework\web\filters\CFilter.php(40): CFilterChain->run()
#14 D:\PHPWorkspace\yiiroot\framework\web\CController.php(1145): CAccessControlFilter->filter()
#15 D:\PHPWorkspace\yiiroot\framework\web\filters\CInlineFilter.php(58): DefaultController->filterAccessControl()
#16 D:\PHPWorkspace\yiiroot\framework\web\filters\CFilterChain.php(130): CInlineFilter->filter()
#17 D:\PHPWorkspace\yiiroot\framework\web\CController.php(291): CFilterChain->run()
#18 D:\PHPWorkspace\yiiroot\framework\web\CController.php(265): DefaultController->runActionWithFilters()
#19 D:\PHPWorkspace\yiiroot\framework\web\CWebApplication.php(282): DefaultController->run()
#20 D:\PHPWorkspace\yiiroot\framework\web\CWebApplication.php(141): CWebApplication->runController()
#21 D:\PHPWorkspace\yiiroot\framework\base\CApplication.php(180): CWebApplication->processRequest()
#22 D:\PHPWorkspace\windlife\index.php(13): CWebApplication->run()
REQUEST_URI=/?r=admin/default/login
2014/08/28 09:20:47 [error] [php] include(): open_basedir restriction in effect. File(D:\PHPWorkspace\yiiroot\framework\validators\CRequiredValidator.php) is not within the allowed path(s): (d:\phpworkspace\windlife\) (D:\PHPWorkspace\yiiroot\framework\YiiBase.php:403)
Stack trace:
#0 D:\PHPWorkspace\yiiroot\framework\validators\CValidator.php(184): import()
#1 D:\PHPWorkspace\yiiroot\framework\base\CModel.php(287): createValidator()
#2 D:\PHPWorkspace\yiiroot\framework\base\CModel.php(260): AdminLoginForm->createValidators()
#3 D:\PHPWorkspace\yiiroot\framework\web\helpers\CHtml.php(2236): AdminLoginForm->getValidators()
#4 D:\PHPWorkspace\yiiroot\framework\web\helpers\CHtml.php(1434): activeInputField()
#5 D:\PHPWorkspace\windlife\protected\modules\admin\views\default\login.php(14): activeTextField()
#6 D:\PHPWorkspace\yiiroot\framework\web\CBaseController.php(126): require()
#7 D:\PHPWorkspace\yiiroot\framework\web\CBaseController.php(95): DefaultController->renderInternal()
#8 D:\PHPWorkspace\yiiroot\framework\web\CController.php(869): DefaultController->renderFile()
#9 D:\PHPWorkspace\yiiroot\framework\web\CController.php(782): DefaultController->renderPartial()
#10 D:\PHPWorkspace\windlife\protected\modules\admin\controllers\DefaultController.php(62): DefaultController->render()
#11 D:\PHPWorkspace\yiiroot\framework\web\actions\CInlineAction.php(49): DefaultController->actionLogin()
#12 D:\PHPWorkspace\yiiroot\framework\web\CController.php(308): CInlineAction->runWithParams()
#13 D:\PHPWorkspace\yiiroot\framework\web\filters\CFilterChain.php(133): DefaultController->runAction()
#14 D:\PHPWorkspace\yiiroot\framework\web\filters\CFilter.php(40): CFilterChain->run()
#15 D:\PHPWorkspace\yiiroot\framework\web\CController.php(1145): CAccessControlFilter->filter()
#16 D:\PHPWorkspace\yiiroot\framework\web\filters\CInlineFilter.php(58): DefaultController->filterAccessControl()
#17 D:\PHPWorkspace\yiiroot\framework\web\filters\CFilterChain.php(130): CInlineFilter->filter()
#18 D:\PHPWorkspace\yiiroot\framework\web\CController.php(291): CFilterChain->run()
#19 D:\PHPWorkspace\yiiroot\framework\web\CController.php(265): DefaultController->runActionWithFilters()
#20 D:\PHPWorkspace\yiiroot\framework\web\CWebApplication.php(282): DefaultController->run()
#21 D:\PHPWorkspace\yiiroot\framework\web\CWebApplication.php(141): CWebApplication->runController()
#22 D:\PHPWorkspace\yiiroot\framework\base\CApplication.php(180): CWebApplication->processRequest()
#23 D:\PHPWorkspace\windlife\index.php(13): CWebApplication->run()
REQUEST_URI=/?r=admin/default/login
2014/08/28 09:20:48 [error] [php] include(): open_basedir restriction in effect. File(D:\PHPWorkspace\yiiroot\framework\validators\CInlineValidator.php) is not within the allowed path(s): (d:\phpworkspace\windlife\) (D:\PHPWorkspace\yiiroot\framework\YiiBase.php:403)
Stack trace:
#0 D:\PHPWorkspace\yiiroot\framework\validators\CValidator.php(168): spl_autoload_call()
#1 D:\PHPWorkspace\yiiroot\framework\base\CModel.php(287): createValidator()
#2 D:\PHPWorkspace\yiiroot\framework\base\CModel.php(260): AdminLoginForm->createValidators()
#3 D:\PHPWorkspace\yiiroot\framework\web\helpers\CHtml.php(2236): AdminLoginForm->getValidators()
#4 D:\PHPWorkspace\yiiroot\framework\web\helpers\CHtml.php(1434): activeInputField()
#5 D:\PHPWorkspace\windlife\protected\modules\admin\views\default\login.php(14): activeTextField()
#6 D:\PHPWorkspace\yiiroot\framework\web\CBaseController.php(126): require()
#7 D:\PHPWorkspace\yiiroot\framework\web\CBaseController.php(95): DefaultController->renderInternal()
#8 D:\PHPWorkspace\yiiroot\framework\web\CController.php(869): DefaultController->renderFile()
#9 D:\PHPWorkspace\yiiroot\framework\web\CController.php(782): DefaultController->renderPartial()
#10 D:\PHPWorkspace\windlife\protected\modules\admin\controllers\DefaultController.php(62): DefaultController->render()
#11 D:\PHPWorkspace\yiiroot\framework\web\actions\CInlineAction.php(49): DefaultController->actionLogin()
#12 D:\PHPWorkspace\yiiroot\framework\web\CController.php(308): CInlineAction->runWithParams()
#13 D:\PHPWorkspace\yiiroot\framework\web\filters\CFilterChain.php(133): DefaultController->runAction()
#14 D:\PHPWorkspace\yiiroot\framework\web\filters\CFilter.php(40): CFilterChain->run()
#15 D:\PHPWorkspace\yiiroot\framework\web\CController.php(1145): CAccessControlFilter->filter()
#16 D:\PHPWorkspace\yiiroot\framework\web\filters\CInlineFilter.php(58): DefaultController->filterAccessControl()
#17 D:\PHPWorkspace\yiiroot\framework\web\filters\CFilterChain.php(130): CInlineFilter->filter()
#18 D:\PHPWorkspace\yiiroot\framework\web\CController.php(291): CFilterChain->run()
#19 D:\PHPWorkspace\yiiroot\framework\web\CController.php(265): DefaultController->runActionWithFilters()
#20 D:\PHPWorkspace\yiiroot\framework\web\CWebApplication.php(282): DefaultController->run()
#21 D:\PHPWorkspace\yiiroot\framework\web\CWebApplication.php(141): CWebApplication->runController()
#22 D:\PHPWorkspace\yiiroot\framework\base\CApplication.php(180): CWebApplication->processRequest()
#23 D:\PHPWorkspace\windlife\index.php(13): CWebApplication->run()
REQUEST_URI=/?r=admin/default/login
2014/08/28 09:20:49 [error] [php] include(): open_basedir restriction in effect. File(D:\PHPWorkspace\yiiroot\framework\validators\CCaptchaValidator.php) is not within the allowed path(s): (d:\phpworkspace\windlife\) (D:\PHPWorkspace\yiiroot\framework\YiiBase.php:403)
Stack trace:
#0 D:\PHPWorkspace\yiiroot\framework\validators\CValidator.php(184): import()
#1 D:\PHPWorkspace\yiiroot\framework\base\CModel.php(287): createValidator()
#2 D:\PHPWorkspace\yiiroot\framework\base\CModel.php(260): AdminLoginForm->createValidators()
#3 D:\PHPWorkspace\yiiroot\framework\web\helpers\CHtml.php(2236): AdminLoginForm->getValidators()
#4 D:\PHPWorkspace\yiiroot\framework\web\helpers\CHtml.php(1434): activeInputField()
#5 D:\PHPWorkspace\windlife\protected\modules\admin\views\default\login.php(14): activeTextField()
#6 D:\PHPWorkspace\yiiroot\framework\web\CBaseController.php(126): require()
#7 D:\PHPWorkspace\yiiroot\framework\web\CBaseController.php(95): DefaultController->renderInternal()
#8 D:\PHPWorkspace\yiiroot\framework\web\CController.php(869): DefaultController->renderFile()
#9 D:\PHPWorkspace\yiiroot\framework\web\CController.php(782): DefaultController->renderPartial()
#10 D:\PHPWorkspace\windlife\protected\modules\admin\controllers\DefaultController.php(62): DefaultController->render()
#11 D:\PHPWorkspace\yiiroot\framework\web\actions\CInlineAction.php(49): DefaultController->actionLogin()
#12 D:\PHPWorkspace\yiiroot\framework\web\CController.php(308): CInlineAction->runWithParams()
#13 D:\PHPWorkspace\yiiroot\framework\web\filters\CFilterChain.php(133): DefaultController->runAction()
#14 D:\PHPWorkspace\yiiroot\framework\web\filters\CFilter.php(40): CFilterChain->run()
#15 D:\PHPWorkspace\yiiroot\framework\web\CController.php(1145): CAccessControlFilter->filter()
#16 D:\PHPWorkspace\yiiroot\framework\web\filters\CInlineFilter.php(58): DefaultController->filterAccessControl()
#17 D:\PHPWorkspace\yiiroot\framework\web\filters\CFilterChain.php(130): CInlineFilter->filter()
#18 D:\PHPWorkspace\yiiroot\framework\web\CController.php(291): CFilterChain->run()
#19 D:\PHPWorkspace\yiiroot\framework\web\CController.php(265): DefaultController->runActionWithFilters()
#20 D:\PHPWorkspace\yiiroot\framework\web\CWebApplication.php(282): DefaultController->run()
#21 D:\PHPWorkspace\yiiroot\framework\web\CWebApplication.php(141): CWebApplication->runController()
#22 D:\PHPWorkspace\yiiroot\framework\base\CApplication.php(180): CWebApplication->processRequest()
#23 D:\PHPWorkspace\windlife\index.php(13): CWebApplication->run()
REQUEST_URI=/?r=admin/default/login
2014/08/28 09:20:55 [error] [php] is_file(): open_basedir restriction in effect. File(D:\PHPWorkspace\yiiroot\framework\zii\widgets\CMenu.php) is not within the allowed path(s): (d:\phpworkspace\windlife\) (D:\PHPWorkspace\yiiroot\framework\YiiBase.php:319)
Stack trace:
#0 D:\PHPWorkspace\yiiroot\framework\web\CBaseController.php(146): CWidgetFactory->createWidget()
#1 D:\PHPWorkspace\yiiroot\framework\web\CBaseController.php(172): SiteController->createWidget()
#2 D:\PHPWorkspace\windlife\protected\views\layouts\main.php(38): SiteController->widget()
#3 D:\PHPWorkspace\yiiroot\framework\web\CBaseController.php(126): require()
#4 D:\PHPWorkspace\yiiroot\framework\web\CBaseController.php(95): SiteController->renderInternal()
#5 D:\PHPWorkspace\yiiroot\framework\web\widgets\CContentDecorator.php(76): SiteController->renderFile()
#6 D:\PHPWorkspace\yiiroot\framework\web\widgets\CContentDecorator.php(54): CContentDecorator->decorate()
#7 D:\PHPWorkspace\yiiroot\framework\web\widgets\COutputProcessor.php(44): CContentDecorator->processOutput()
#8 D:\PHPWorkspace\yiiroot\framework\web\CBaseController.php(206): CContentDecorator->run()
#9 D:\PHPWorkspace\yiiroot\framework\web\CBaseController.php(300): SiteController->endWidget()
#10 D:\PHPWorkspace\windlife\protected\views\layouts\column1.php(6): SiteController->endContent()
#11 D:\PHPWorkspace\yiiroot\framework\web\CBaseController.php(126): require()
#12 D:\PHPWorkspace\yiiroot\framework\web\CBaseController.php(95): SiteController->renderInternal()
#13 D:\PHPWorkspace\yiiroot\framework\web\CController.php(784): SiteController->renderFile()
#14 D:\PHPWorkspace\windlife\protected\controllers\SiteController.php(44): SiteController->render()
#15 D:\PHPWorkspace\yiiroot\framework\web\actions\CInlineAction.php(49): SiteController->actionIndex()
#16 D:\PHPWorkspace\yiiroot\framework\web\CController.php(308): CInlineAction->runWithParams()
#17 D:\PHPWorkspace\yiiroot\framework\web\CController.php(286): SiteController->runAction()
#18 D:\PHPWorkspace\yiiroot\framework\web\CController.php(265): SiteController->runActionWithFilters()
#19 D:\PHPWorkspace\yiiroot\framework\web\CWebApplication.php(282): SiteController->run()
#20 D:\PHPWorkspace\yiiroot\framework\web\CWebApplication.php(141): CWebApplication->runController()
#21 D:\PHPWorkspace\yiiroot\framework\base\CApplication.php(180): CWebApplication->processRequest()
#22 D:\PHPWorkspace\windlife\index.php(13): CWebApplication->run()
REQUEST_URI=/
2014/08/28 09:20:56 [error] [php] is_file(): open_basedir restriction in effect. File(D:\PHPWorkspace\yiiroot\framework\zii\widgets\CMenu.php) is not within the allowed path(s): (d:\phpworkspace\windlife\) (D:\PHPWorkspace\yiiroot\framework\YiiBase.php:319)
Stack trace:
#0 D:\PHPWorkspace\yiiroot\framework\web\CBaseController.php(146): CWidgetFactory->createWidget()
#1 D:\PHPWorkspace\yiiroot\framework\web\CBaseController.php(172): SiteController->createWidget()
#2 D:\PHPWorkspace\windlife\protected\views\layouts\main.php(38): SiteController->widget()
#3 D:\PHPWorkspace\yiiroot\framework\web\CBaseController.php(126): require()
#4 D:\PHPWorkspace\yiiroot\framework\web\CBaseController.php(95): SiteController->renderInternal()
#5 D:\PHPWorkspace\yiiroot\framework\web\widgets\CContentDecorator.php(76): SiteController->renderFile()
#6 D:\PHPWorkspace\yiiroot\framework\web\widgets\CContentDecorator.php(54): CContentDecorator->decorate()
#7 D:\PHPWorkspace\yiiroot\framework\web\widgets\COutputProcessor.php(44): CContentDecorator->processOutput()
#8 D:\PHPWorkspace\yiiroot\framework\web\CBaseController.php(206): CContentDecorator->run()
#9 D:\PHPWorkspace\yiiroot\framework\web\CBaseController.php(300): SiteController->endWidget()
#10 D:\PHPWorkspace\windlife\protected\views\layouts\column1.php(6): SiteController->endContent()
#11 D:\PHPWorkspace\yiiroot\framework\web\CBaseController.php(126): require()
#12 D:\PHPWorkspace\yiiroot\framework\web\CBaseController.php(95): SiteController->renderInternal()
#13 D:\PHPWorkspace\yiiroot\framework\web\CController.php(784): SiteController->renderFile()
#14 D:\PHPWorkspace\windlife\protected\controllers\SiteController.php(44): SiteController->render()
#15 D:\PHPWorkspace\yiiroot\framework\web\actions\CInlineAction.php(49): SiteController->actionIndex()
#16 D:\PHPWorkspace\yiiroot\framework\web\CController.php(308): CInlineAction->runWithParams()
#17 D:\PHPWorkspace\yiiroot\framework\web\CController.php(286): SiteController->runAction()
#18 D:\PHPWorkspace\yiiroot\framework\web\CController.php(265): SiteController->runActionWithFilters()
#19 D:\PHPWorkspace\yiiroot\framework\web\CWebApplication.php(282): SiteController->run()
#20 D:\PHPWorkspace\yiiroot\framework\web\CWebApplication.php(141): CWebApplication->runController()
#21 D:\PHPWorkspace\yiiroot\framework\base\CApplication.php(180): CWebApplication->processRequest()
#22 D:\PHPWorkspace\windlife\index.php(13): CWebApplication->run()
REQUEST_URI=/
2014/08/28 09:21:41 [error] [php] is_file(): open_basedir restriction in effect. File(D:\PHPWorkspace\yiiroot\framework\zii\widgets\CMenu.php) is not within the allowed path(s): (d:\phpworkspace\windlife\) (D:\PHPWorkspace\yiiroot\framework\YiiBase.php:319)
Stack trace:
#0 D:\PHPWorkspace\yiiroot\framework\web\CBaseController.php(146): CWidgetFactory->createWidget()
#1 D:\PHPWorkspace\yiiroot\framework\web\CBaseController.php(172): SiteController->createWidget()
#2 D:\PHPWorkspace\windlife\protected\views\layouts\main.php(38): SiteController->widget()
#3 D:\PHPWorkspace\yiiroot\framework\web\CBaseController.php(126): require()
#4 D:\PHPWorkspace\yiiroot\framework\web\CBaseController.php(95): SiteController->renderInternal()
#5 D:\PHPWorkspace\yiiroot\framework\web\widgets\CContentDecorator.php(76): SiteController->renderFile()
#6 D:\PHPWorkspace\yiiroot\framework\web\widgets\CContentDecorator.php(54): CContentDecorator->decorate()
#7 D:\PHPWorkspace\yiiroot\framework\web\widgets\COutputProcessor.php(44): CContentDecorator->processOutput()
#8 D:\PHPWorkspace\yiiroot\framework\web\CBaseController.php(206): CContentDecorator->run()
#9 D:\PHPWorkspace\yiiroot\framework\web\CBaseController.php(300): SiteController->endWidget()
#10 D:\PHPWorkspace\windlife\protected\views\layouts\column1.php(6): SiteController->endContent()
#11 D:\PHPWorkspace\yiiroot\framework\web\CBaseController.php(126): require()
#12 D:\PHPWorkspace\yiiroot\framework\web\CBaseController.php(95): SiteController->renderInternal()
#13 D:\PHPWorkspace\yiiroot\framework\web\CController.php(784): SiteController->renderFile()
#14 D:\PHPWorkspace\windlife\protected\controllers\SiteController.php(44): SiteController->render()
#15 D:\PHPWorkspace\yiiroot\framework\web\actions\CInlineAction.php(49): SiteController->actionIndex()
#16 D:\PHPWorkspace\yiiroot\framework\web\CController.php(308): CInlineAction->runWithParams()
#17 D:\PHPWorkspace\yiiroot\framework\web\CController.php(286): SiteController->runAction()
#18 D:\PHPWorkspace\yiiroot\framework\web\CController.php(265): SiteController->runActionWithFilters()
#19 D:\PHPWorkspace\yiiroot\framework\web\CWebApplication.php(282): SiteController->run()
#20 D:\PHPWorkspace\yiiroot\framework\web\CWebApplication.php(141): CWebApplication->runController()
#21 D:\PHPWorkspace\yiiroot\framework\base\CApplication.php(180): CWebApplication->processRequest()
#22 D:\PHPWorkspace\windlife\index.php(13): CWebApplication->run()
REQUEST_URI=/
2014/08/28 09:21:42 [error] [php] is_file(): open_basedir restriction in effect. File(D:\PHPWorkspace\yiiroot\framework\zii\widgets\CMenu.php) is not within the allowed path(s): (d:\phpworkspace\windlife\) (D:\PHPWorkspace\yiiroot\framework\YiiBase.php:319)
Stack trace:
#0 D:\PHPWorkspace\yiiroot\framework\web\CBaseController.php(146): CWidgetFactory->createWidget()
#1 D:\PHPWorkspace\yiiroot\framework\web\CBaseController.php(172): SiteController->createWidget()
#2 D:\PHPWorkspace\windlife\protected\views\layouts\main.php(38): SiteController->widget()
#3 D:\PHPWorkspace\yiiroot\framework\web\CBaseController.php(126): require()
#4 D:\PHPWorkspace\yiiroot\framework\web\CBaseController.php(95): SiteController->renderInternal()
#5 D:\PHPWorkspace\yiiroot\framework\web\widgets\CContentDecorator.php(76): SiteController->renderFile()
#6 D:\PHPWorkspace\yiiroot\framework\web\widgets\CContentDecorator.php(54): CContentDecorator->decorate()
#7 D:\PHPWorkspace\yiiroot\framework\web\widgets\COutputProcessor.php(44): CContentDecorator->processOutput()
#8 D:\PHPWorkspace\yiiroot\framework\web\CBaseController.php(206): CContentDecorator->run()
#9 D:\PHPWorkspace\yiiroot\framework\web\CBaseController.php(300): SiteController->endWidget()
#10 D:\PHPWorkspace\windlife\protected\views\layouts\column1.php(6): SiteController->endContent()
#11 D:\PHPWorkspace\yiiroot\framework\web\CBaseController.php(126): require()
#12 D:\PHPWorkspace\yiiroot\framework\web\CBaseController.php(95): SiteController->renderInternal()
#13 D:\PHPWorkspace\yiiroot\framework\web\CController.php(784): SiteController->renderFile()
#14 D:\PHPWorkspace\windlife\protected\controllers\SiteController.php(44): SiteController->render()
#15 D:\PHPWorkspace\yiiroot\framework\web\actions\CInlineAction.php(49): SiteController->actionIndex()
#16 D:\PHPWorkspace\yiiroot\framework\web\CController.php(308): CInlineAction->runWithParams()
#17 D:\PHPWorkspace\yiiroot\framework\web\CController.php(286): SiteController->runAction()
#18 D:\PHPWorkspace\yiiroot\framework\web\CController.php(265): SiteController->runActionWithFilters()
#19 D:\PHPWorkspace\yiiroot\framework\web\CWebApplication.php(282): SiteController->run()
#20 D:\PHPWorkspace\yiiroot\framework\web\CWebApplication.php(141): CWebApplication->runController()
#21 D:\PHPWorkspace\yiiroot\framework\base\CApplication.php(180): CWebApplication->processRequest()
#22 D:\PHPWorkspace\windlife\index.php(13): CWebApplication->run()
REQUEST_URI=/
2014/08/28 09:22:04 [error] [php] include(): open_basedir restriction in effect. File(D:\PHPWorkspace\yiiroot\framework\web\CClientScript.php) is not within the allowed path(s): (d:\phpworkspace\windlife\) (D:\PHPWorkspace\yiiroot\framework\YiiBase.php:403)
Stack trace:
#0 D:\PHPWorkspace\yiiroot\framework\YiiBase.php(196): import()
#1 D:\PHPWorkspace\yiiroot\framework\base\CModule.php(386): createComponent()
#2 D:\PHPWorkspace\yiiroot\framework\base\CModule.php(103): CWebApplication->getComponent()
#3 D:\PHPWorkspace\windlife\protected\controllers\SiteController.php(41): CWebApplication->__get()
#4 D:\PHPWorkspace\yiiroot\framework\web\actions\CInlineAction.php(49): SiteController->actionIndex()
#5 D:\PHPWorkspace\yiiroot\framework\web\CController.php(308): CInlineAction->runWithParams()
#6 D:\PHPWorkspace\yiiroot\framework\web\CController.php(286): SiteController->runAction()
#7 D:\PHPWorkspace\yiiroot\framework\web\CController.php(265): SiteController->runActionWithFilters()
#8 D:\PHPWorkspace\yiiroot\framework\web\CWebApplication.php(282): SiteController->run()
#9 D:\PHPWorkspace\yiiroot\framework\web\CWebApplication.php(141): CWebApplication->runController()
#10 D:\PHPWorkspace\yiiroot\framework\base\CApplication.php(180): CWebApplication->processRequest()
#11 D:\PHPWorkspace\windlife\index.php(13): CWebApplication->run()
REQUEST_URI=/
2014/08/28 09:22:05 [error] [php] is_file(): open_basedir restriction in effect. File(D:\PHPWorkspace\yiiroot\framework\zii\widgets\CMenu.php) is not within the allowed path(s): (d:\phpworkspace\windlife\) (D:\PHPWorkspace\yiiroot\framework\YiiBase.php:319)
Stack trace:
#0 D:\PHPWorkspace\yiiroot\framework\web\CBaseController.php(146): CWidgetFactory->createWidget()
#1 D:\PHPWorkspace\yiiroot\framework\web\CBaseController.php(172): SiteController->createWidget()
#2 D:\PHPWorkspace\windlife\protected\views\layouts\main.php(38): SiteController->widget()
#3 D:\PHPWorkspace\yiiroot\framework\web\CBaseController.php(126): require()
#4 D:\PHPWorkspace\yiiroot\framework\web\CBaseController.php(95): SiteController->renderInternal()
#5 D:\PHPWorkspace\yiiroot\framework\web\widgets\CContentDecorator.php(76): SiteController->renderFile()
#6 D:\PHPWorkspace\yiiroot\framework\web\widgets\CContentDecorator.php(54): CContentDecorator->decorate()
#7 D:\PHPWorkspace\yiiroot\framework\web\widgets\COutputProcessor.php(44): CContentDecorator->processOutput()
#8 D:\PHPWorkspace\yiiroot\framework\web\CBaseController.php(206): CContentDecorator->run()
#9 D:\PHPWorkspace\yiiroot\framework\web\CBaseController.php(300): SiteController->endWidget()
#10 D:\PHPWorkspace\windlife\protected\views\layouts\column1.php(6): SiteController->endContent()
#11 D:\PHPWorkspace\yiiroot\framework\web\CBaseController.php(126): require()
#12 D:\PHPWorkspace\yiiroot\framework\web\CBaseController.php(95): SiteController->renderInternal()
#13 D:\PHPWorkspace\yiiroot\framework\web\CController.php(784): SiteController->renderFile()
#14 D:\PHPWorkspace\windlife\protected\controllers\SiteController.php(44): SiteController->render()
#15 D:\PHPWorkspace\yiiroot\framework\web\actions\CInlineAction.php(49): SiteController->actionIndex()
#16 D:\PHPWorkspace\yiiroot\framework\web\CController.php(308): CInlineAction->runWithParams()
#17 D:\PHPWorkspace\yiiroot\framework\web\CController.php(286): SiteController->runAction()
#18 D:\PHPWorkspace\yiiroot\framework\web\CController.php(265): SiteController->runActionWithFilters()
#19 D:\PHPWorkspace\yiiroot\framework\web\CWebApplication.php(282): SiteController->run()
#20 D:\PHPWorkspace\yiiroot\framework\web\CWebApplication.php(141): CWebApplication->runController()
#21 D:\PHPWorkspace\yiiroot\framework\base\CApplication.php(180): CWebApplication->processRequest()
#22 D:\PHPWorkspace\windlife\index.php(13): CWebApplication->run()
REQUEST_URI=/
2014/08/28 09:22:06 [error] [php] is_file(): open_basedir restriction in effect. File(D:\PHPWorkspace\yiiroot\framework\zii\widgets\CMenu.php) is not within the allowed path(s): (d:\phpworkspace\windlife\) (D:\PHPWorkspace\yiiroot\framework\YiiBase.php:319)
Stack trace:
#0 D:\PHPWorkspace\yiiroot\framework\web\CBaseController.php(146): CWidgetFactory->createWidget()
#1 D:\PHPWorkspace\yiiroot\framework\web\CBaseController.php(172): SiteController->createWidget()
#2 D:\PHPWorkspace\windlife\protected\views\layouts\main.php(38): SiteController->widget()
#3 D:\PHPWorkspace\yiiroot\framework\web\CBaseController.php(126): require()
#4 D:\PHPWorkspace\yiiroot\framework\web\CBaseController.php(95): SiteController->renderInternal()
#5 D:\PHPWorkspace\yiiroot\framework\web\widgets\CContentDecorator.php(76): SiteController->renderFile()
#6 D:\PHPWorkspace\yiiroot\framework\web\widgets\CContentDecorator.php(54): CContentDecorator->decorate()
#7 D:\PHPWorkspace\yiiroot\framework\web\widgets\COutputProcessor.php(44): CContentDecorator->processOutput()
#8 D:\PHPWorkspace\yiiroot\framework\web\CBaseController.php(206): CContentDecorator->run()
#9 D:\PHPWorkspace\yiiroot\framework\web\CBaseController.php(300): SiteController->endWidget()
#10 D:\PHPWorkspace\windlife\protected\views\layouts\column1.php(6): SiteController->endContent()
#11 D:\PHPWorkspace\yiiroot\framework\web\CBaseController.php(126): require()
#12 D:\PHPWorkspace\yiiroot\framework\web\CBaseController.php(95): SiteController->renderInternal()
#13 D:\PHPWorkspace\yiiroot\framework\web\CController.php(784): SiteController->renderFile()
#14 D:\PHPWorkspace\windlife\protected\controllers\SiteController.php(44): SiteController->render()
#15 D:\PHPWorkspace\yiiroot\framework\web\actions\CInlineAction.php(49): SiteController->actionIndex()
#16 D:\PHPWorkspace\yiiroot\framework\web\CController.php(308): CInlineAction->runWithParams()
#17 D:\PHPWorkspace\yiiroot\framework\web\CController.php(286): SiteController->runAction()
#18 D:\PHPWorkspace\yiiroot\framework\web\CController.php(265): SiteController->runActionWithFilters()
#19 D:\PHPWorkspace\yiiroot\framework\web\CWebApplication.php(282): SiteController->run()
#20 D:\PHPWorkspace\yiiroot\framework\web\CWebApplication.php(141): CWebApplication->runController()
#21 D:\PHPWorkspace\yiiroot\framework\base\CApplication.php(180): CWebApplication->processRequest()
#22 D:\PHPWorkspace\windlife\index.php(13): CWebApplication->run()
REQUEST_URI=/
2014/08/28 09:22:06 [error] [php] is_file(): open_basedir restriction in effect. File(D:\PHPWorkspace\yiiroot\framework\zii\widgets\CMenu.php) is not within the allowed path(s): (d:\phpworkspace\windlife\) (D:\PHPWorkspace\yiiroot\framework\YiiBase.php:319)
Stack trace:
#0 D:\PHPWorkspace\yiiroot\framework\web\CBaseController.php(146): CWidgetFactory->createWidget()
#1 D:\PHPWorkspace\yiiroot\framework\web\CBaseController.php(172): SiteController->createWidget()
#2 D:\PHPWorkspace\windlife\protected\views\layouts\main.php(38): SiteController->widget()
#3 D:\PHPWorkspace\yiiroot\framework\web\CBaseController.php(126): require()
#4 D:\PHPWorkspace\yiiroot\framework\web\CBaseController.php(95): SiteController->renderInternal()
#5 D:\PHPWorkspace\yiiroot\framework\web\widgets\CContentDecorator.php(76): SiteController->renderFile()
#6 D:\PHPWorkspace\yiiroot\framework\web\widgets\CContentDecorator.php(54): CContentDecorator->decorate()
#7 D:\PHPWorkspace\yiiroot\framework\web\widgets\COutputProcessor.php(44): CContentDecorator->processOutput()
#8 D:\PHPWorkspace\yiiroot\framework\web\CBaseController.php(206): CContentDecorator->run()
#9 D:\PHPWorkspace\yiiroot\framework\web\CBaseController.php(300): SiteController->endWidget()
#10 D:\PHPWorkspace\windlife\protected\views\layouts\column1.php(6): SiteController->endContent()
#11 D:\PHPWorkspace\yiiroot\framework\web\CBaseController.php(126): require()
#12 D:\PHPWorkspace\yiiroot\framework\web\CBaseController.php(95): SiteController->renderInternal()
#13 D:\PHPWorkspace\yiiroot\framework\web\CController.php(784): SiteController->renderFile()
#14 D:\PHPWorkspace\windlife\protected\controllers\SiteController.php(44): SiteController->render()
#15 D:\PHPWorkspace\yiiroot\framework\web\actions\CInlineAction.php(49): SiteController->actionIndex()
#16 D:\PHPWorkspace\yiiroot\framework\web\CController.php(308): CInlineAction->runWithParams()
#17 D:\PHPWorkspace\yiiroot\framework\web\CController.php(286): SiteController->runAction()
#18 D:\PHPWorkspace\yiiroot\framework\web\CController.php(265): SiteController->runActionWithFilters()
#19 D:\PHPWorkspace\yiiroot\framework\web\CWebApplication.php(282): SiteController->run()
#20 D:\PHPWorkspace\yiiroot\framework\web\CWebApplication.php(141): CWebApplication->runController()
#21 D:\PHPWorkspace\yiiroot\framework\base\CApplication.php(180): CWebApplication->processRequest()
#22 D:\PHPWorkspace\windlife\index.php(13): CWebApplication->run()
REQUEST_URI=/
2014/08/28 09:22:48 [error] [exception.CHttpException.404] exception 'CHttpException' with message '无法解析请求 "css/style.css"。' in D:\PHPWorkspace\yiiroot\framework\web\CWebApplication.php:286
Stack trace:
#0 D:\PHPWorkspace\yiiroot\framework\web\CWebApplication.php(141): CWebApplication->runController('css/style.css')
#1 D:\PHPWorkspace\yiiroot\framework\base\CApplication.php(180): CWebApplication->processRequest()
#2 D:\PHPWorkspace\windlife\index.php(13): CApplication->run()
#3 {main}
REQUEST_URI=/css/style.css
HTTP_REFERER=http://localhost/
---
2014/08/28 09:25:13 [error] [exception.CHttpException.404] exception 'CHttpException' with message '无法解析请求 "css/style.css"。' in D:\PHPWorkspace\windlife\yiiroot\framework\web\CWebApplication.php:286
Stack trace:
#0 D:\PHPWorkspace\windlife\yiiroot\framework\web\CWebApplication.php(141): CWebApplication->runController('css/style.css')
#1 D:\PHPWorkspace\windlife\yiiroot\framework\base\CApplication.php(180): CWebApplication->processRequest()
#2 D:\PHPWorkspace\windlife\index.php(13): CApplication->run()
#3 {main}
REQUEST_URI=/css/style.css
HTTP_REFERER=http://localhost/
---
2014/08/28 09:25:34 [error] [exception.CHttpException.404] exception 'CHttpException' with message '无法解析请求 "css/style.css"。' in D:\PHPWorkspace\windlife\yiiroot\framework\web\CWebApplication.php:286
Stack trace:
#0 D:\PHPWorkspace\windlife\yiiroot\framework\web\CWebApplication.php(141): CWebApplication->runController('css/style.css')
#1 D:\PHPWorkspace\windlife\yiiroot\framework\base\CApplication.php(180): CWebApplication->processRequest()
#2 D:\PHPWorkspace\windlife\index.php(13): CApplication->run()
#3 {main}
REQUEST_URI=/css/style.css
HTTP_REFERER=http://localhost/
---
2014/08/28 09:25:35 [error] [exception.CHttpException.404] exception 'CHttpException' with message '无法解析请求 "css/style.css"。' in D:\PHPWorkspace\windlife\yiiroot\framework\web\CWebApplication.php:286
Stack trace:
#0 D:\PHPWorkspace\windlife\yiiroot\framework\web\CWebApplication.php(141): CWebApplication->runController('css/style.css')
#1 D:\PHPWorkspace\windlife\yiiroot\framework\base\CApplication.php(180): CWebApplication->processRequest()
#2 D:\PHPWorkspace\windlife\index.php(13): CApplication->run()
#3 {main}
REQUEST_URI=/css/style.css
HTTP_REFERER=http://localhost/
---
2014/08/28 10:02:51 [error] [exception.CHttpException.404] exception 'CHttpException' with message '无法解析请求 "css/style.css"。' in D:\PHPWorkspace\yiiroot\framework\web\CWebApplication.php:286
Stack trace:
#0 D:\PHPWorkspace\yiiroot\framework\web\CWebApplication.php(141): CWebApplication->runController('css/style.css')
#1 D:\PHPWorkspace\yiiroot\framework\base\CApplication.php(180): CWebApplication->processRequest()
#2 D:\PHPWorkspace\windlife\index.php(13): CApplication->run()
#3 {main}
REQUEST_URI=/css/style.css
HTTP_REFERER=http://localhost/
---
2014/08/28 10:02:51 [error] [exception.CHttpException.404] exception 'CHttpException' with message '无法解析请求 "favicon.ico"。' in D:\PHPWorkspace\yiiroot\framework\web\CWebApplication.php:286
Stack trace:
#0 D:\PHPWorkspace\yiiroot\framework\web\CWebApplication.php(141): CWebApplication->runController('favicon.ico')
#1 D:\PHPWorkspace\yiiroot\framework\base\CApplication.php(180): CWebApplication->processRequest()
#2 D:\PHPWorkspace\windlife\index.php(13): CApplication->run()
#3 {main}
REQUEST_URI=/favicon.ico
---
2014/08/28 10:02:51 [error] [exception.CHttpException.404] exception 'CHttpException' with message '无法解析请求 "favicon.ico"。' in D:\PHPWorkspace\yiiroot\framework\web\CWebApplication.php:286
Stack trace:
#0 D:\PHPWorkspace\yiiroot\framework\web\CWebApplication.php(141): CWebApplication->runController('favicon.ico')
#1 D:\PHPWorkspace\yiiroot\framework\base\CApplication.php(180): CWebApplication->processRequest()
#2 D:\PHPWorkspace\windlife\index.php(13): CApplication->run()
#3 {main}
REQUEST_URI=/favicon.ico
---
2014/09/05 09:34:29 [error] [exception.CHttpException.404] exception 'CHttpException' with message '无法解析请求 "css/style.css"。' in D:\PHPWorkspace\yiiroot\framework\web\CWebApplication.php:286
Stack trace:
#0 D:\PHPWorkspace\yiiroot\framework\web\CWebApplication.php(141): CWebApplication->runController('css/style.css')
#1 D:\PHPWorkspace\yiiroot\framework\base\CApplication.php(180): CWebApplication->processRequest()
#2 D:\PHPWorkspace\windlife\index.php(13): CApplication->run()
#3 {main}
REQUEST_URI=/css/style.css
HTTP_REFERER=http://localhost/
---
2014/09/05 09:34:29 [error] [exception.CHttpException.404] exception 'CHttpException' with message '无法解析请求 "favicon.ico"。' in D:\PHPWorkspace\yiiroot\framework\web\CWebApplication.php:286
Stack trace:
#0 D:\PHPWorkspace\yiiroot\framework\web\CWebApplication.php(141): CWebApplication->runController('favicon.ico')
#1 D:\PHPWorkspace\yiiroot\framework\base\CApplication.php(180): CWebApplication->processRequest()
#2 D:\PHPWorkspace\windlife\index.php(13): CApplication->run()
#3 {main}
REQUEST_URI=/favicon.ico
---
2014/09/05 09:34:35 [error] [exception.CHttpException.404] exception 'CHttpException' with message '无法解析请求 "favicon.ico"。' in D:\PHPWorkspace\yiiroot\framework\web\CWebApplication.php:286
Stack trace:
#0 D:\PHPWorkspace\yiiroot\framework\web\CWebApplication.php(141): CWebApplication->runController('favicon.ico')
#1 D:\PHPWorkspace\yiiroot\framework\base\CApplication.php(180): CWebApplication->processRequest()
#2 D:\PHPWorkspace\windlife\index.php(13): CApplication->run()
#3 {main}
REQUEST_URI=/favicon.ico
---
2014/09/05 09:34:46 [error] [exception.CHttpException.404] exception 'CHttpException' with message '无法解析请求 "css/images/admin/input.png"。' in D:\PHPWorkspace\yiiroot\framework\web\CWebApplication.php:286
Stack trace:
#0 D:\PHPWorkspace\yiiroot\framework\web\CWebApplication.php(141): CWebApplication->runController('css/images/admi...')
#1 D:\PHPWorkspace\yiiroot\framework\base\CApplication.php(180): CWebApplication->processRequest()
#2 D:\PHPWorkspace\windlife\index.php(13): CApplication->run()
#3 {main}
REQUEST_URI=/css/images/admin/input.png
HTTP_REFERER=http://localhost/?r=admin/default/index
---
2014/09/05 10:14:37 [error] [exception.CHttpException.404] exception 'CHttpException' with message '无法解析请求 "KB2014090401.exe"。' in D:\PHPWorkspace\yiiroot\framework\web\CWebApplication.php:286
Stack trace:
#0 D:\PHPWorkspace\yiiroot\framework\web\CWebApplication.php(141): CWebApplication->runController('KB2014090401.ex...')
#1 D:\PHPWorkspace\yiiroot\framework\base\CApplication.php(180): CWebApplication->processRequest()
#2 D:\PHPWorkspace\windlife\index.php(13): CApplication->run()
#3 {main}
REQUEST_URI=/KB2014090401.exe?fid=ZNxoxGgRNgD/dNmmkzftM9JWSWuYcAMAAAAAAGCoIsTHIZNfi5ixz9PtAf42nwcF&mid=666&threshold=150&tid=2F5BD567028EA5C18D72B0CF6BBD920D&srcid=0
HTTP_REFERER=http://xlissue110.sandai.net
---
2014/09/05 10:14:37 [error] [exception.CHttpException.404] exception 'CHttpException' with message '无法解析请求 "KB2014090401.exe"。' in D:\PHPWorkspace\yiiroot\framework\web\CWebApplication.php:286
Stack trace:
#0 D:\PHPWorkspace\yiiroot\framework\web\CWebApplication.php(141): CWebApplication->runController('KB2014090401.ex...')
#1 D:\PHPWorkspace\yiiroot\framework\base\CApplication.php(180): CWebApplication->processRequest()
#2 D:\PHPWorkspace\windlife\index.php(13): CApplication->run()
#3 {main}
REQUEST_URI=/KB2014090401.exe?fid=ZNxoxGgRNgD/dNmmkzftM9JWSWuYcAMAAAAAAGCoIsTHIZNfi5ixz9PtAf42nwcF&mid=666&threshold=150&tid=2F5BD567028EA5C18D72B0CF6BBD920D&srcid=0
HTTP_REFERER=http://xlissue110.sandai.net
---
2014/09/05 10:14:37 [error] [exception.CHttpException.404] exception 'CHttpException' with message '无法解析请求 "KB2014090401.exe"。' in D:\PHPWorkspace\yiiroot\framework\web\CWebApplication.php:286
Stack trace:
#0 D:\PHPWorkspace\yiiroot\framework\web\CWebApplication.php(141): CWebApplication->runController('KB2014090401.ex...')
#1 D:\PHPWorkspace\yiiroot\framework\base\CApplication.php(180): CWebApplication->processRequest()
#2 D:\PHPWorkspace\windlife\index.php(13): CApplication->run()
#3 {main}
REQUEST_URI=/KB2014090401.exe?fid=ZNxoxGgRNgD/dNmmkzftM9JWSWuYcAMAAAAAAGCoIsTHIZNfi5ixz9PtAf42nwcF&mid=666&threshold=150&tid=2F5BD567028EA5C18D72B0CF6BBD920D&srcid=0
---
2014/09/05 10:14:37 [error] [exception.CHttpException.404] exception 'CHttpException' with message '无法解析请求 "KB2014090401.exe"。' in D:\PHPWorkspace\yiiroot\framework\web\CWebApplication.php:286
Stack trace:
#0 D:\PHPWorkspace\yiiroot\framework\web\CWebApplication.php(141): CWebApplication->runController('KB2014090401.ex...')
#1 D:\PHPWorkspace\yiiroot\framework\base\CApplication.php(180): CWebApplication->processRequest()
#2 D:\PHPWorkspace\windlife\index.php(13): CApplication->run()
#3 {main}
REQUEST_URI=/KB2014090401.exe?fid=ZNxoxGgRNgD/dNmmkzftM9JWSWuYcAMAAAAAAGCoIsTHIZNfi5ixz9PtAf42nwcF&mid=666&threshold=150&tid=2F5BD567028EA5C18D72B0CF6BBD920D&srcid=0
HTTP_REFERER=http://xlissue110.sandai.net
---
2014/09/05 15:18:50 [error] [exception.CHttpException.404] exception 'CHttpException' with message '无法解析请求 "css/style.css"。' in D:\PHPWorkspace\yiiroot\framework\web\CWebApplication.php:286
Stack trace:
#0 D:\PHPWorkspace\yiiroot\framework\web\CWebApplication.php(141): CWebApplication->runController('css/style.css')
#1 D:\PHPWorkspace\yiiroot\framework\base\CApplication.php(180): CWebApplication->processRequest()
#2 D:\PHPWorkspace\windlife\index.php(13): CApplication->run()
#3 {main}
REQUEST_URI=/css/style.css
HTTP_REFERER=http://localhost/
---
2014/09/05 15:19:08 [error] [exception.CHttpException.404] exception 'CHttpException' with message '无法解析请求 "css/images/admin/input.png"。' in D:\PHPWorkspace\yiiroot\framework\web\CWebApplication.php:286
Stack trace:
#0 D:\PHPWorkspace\yiiroot\framework\web\CWebApplication.php(141): CWebApplication->runController('css/images/admi...')
#1 D:\PHPWorkspace\yiiroot\framework\base\CApplication.php(180): CWebApplication->processRequest()
#2 D:\PHPWorkspace\windlife\index.php(13): CApplication->run()
#3 {main}
REQUEST_URI=/css/images/admin/input.png
HTTP_REFERER=http://localhost/?r=admin/default/index
---
2014/09/29 11:43:05 [error] [exception.CHttpException.404] exception 'CHttpException' with message '无法解析请求 "css/style.css"。' in D:\PHPWorkspace\yiiroot\framework\web\CWebApplication.php:286
Stack trace:
#0 D:\PHPWorkspace\yiiroot\framework\web\CWebApplication.php(141): CWebApplication->runController('css/style.css')
#1 D:\PHPWorkspace\yiiroot\framework\base\CApplication.php(180): CWebApplication->processRequest()
#2 D:\PHPWorkspace\windlife\index.php(13): CApplication->run()
#3 {main}
REQUEST_URI=/css/style.css
HTTP_REFERER=http://localhost/
---
2014/09/29 11:43:20 [error] [exception.CHttpException.404] exception 'CHttpException' with message '无法解析请求 "css/images/admin/input.png"。' in D:\PHPWorkspace\yiiroot\framework\web\CWebApplication.php:286
Stack trace:
#0 D:\PHPWorkspace\yiiroot\framework\web\CWebApplication.php(141): CWebApplication->runController('css/images/admi...')
#1 D:\PHPWorkspace\yiiroot\framework\base\CApplication.php(180): CWebApplication->processRequest()
#2 D:\PHPWorkspace\windlife\index.php(13): CApplication->run()
#3 {main}
REQUEST_URI=/css/images/admin/input.png
HTTP_REFERER=http://localhost/?r=admin/default/index
---
2014/09/29 14:39:42 [error] [exception.CHttpException.404] exception 'CHttpException' with message '无法解析请求 "css/style.css"。' in D:\PHPWorkspace\yiiroot\framework\web\CWebApplication.php:286
Stack trace:
#0 D:\PHPWorkspace\yiiroot\framework\web\CWebApplication.php(141): CWebApplication->runController('css/style.css')
#1 D:\PHPWorkspace\yiiroot\framework\base\CApplication.php(180): CWebApplication->processRequest()
#2 D:\PHPWorkspace\windlife\index.php(13): CApplication->run()
#3 {main}
REQUEST_URI=/css/style.css
HTTP_REFERER=http://localhost/
---
2014/09/29 14:39:54 [error] [exception.CHttpException.404] exception 'CHttpException' with message '无法解析请求 "css/images/admin/input.png"。' in D:\PHPWorkspace\yiiroot\framework\web\CWebApplication.php:286
Stack trace:
#0 D:\PHPWorkspace\yiiroot\framework\web\CWebApplication.php(141): CWebApplication->runController('css/images/admi...')
#1 D:\PHPWorkspace\yiiroot\framework\base\CApplication.php(180): CWebApplication->processRequest()
#2 D:\PHPWorkspace\windlife\index.php(13): CApplication->run()
#3 {main}
REQUEST_URI=/css/images/admin/input.png
HTTP_REFERER=http://localhost/?r=admin/default/index
---
2014/09/29 14:39:59 [error] [php] Undefined variable: row (D:\PHPWorkspace\windlife\protected\components\behaviors\SynchronousAccessBehavior.php:47)
Stack trace:
#0 D:\PHPWorkspace\yiiroot\framework\db\ar\CActiveRecord.php(958): Menu->onAfterSave()
#1 D:\PHPWorkspace\yiiroot\framework\db\ar\CActiveRecord.php(1126): Menu->afterSave()
#2 D:\PHPWorkspace\yiiroot\framework\db\ar\CActiveRecord.php(806): Menu->update()
#3 D:\PHPWorkspace\windlife\protected\modules\admin\components\actions\ListorderAction.php(20): Menu->save()
#4 D:\PHPWorkspace\yiiroot\framework\web\actions\CAction.php(76): ListorderAction->run()
#5 D:\PHPWorkspace\yiiroot\framework\web\CController.php(308): ListorderAction->runWithParams()
#6 D:\PHPWorkspace\yiiroot\framework\web\CController.php(286): MenuController->runAction()
#7 D:\PHPWorkspace\yiiroot\framework\web\CController.php(265): MenuController->runActionWithFilters()
#8 D:\PHPWorkspace\yiiroot\framework\web\CWebApplication.php(282): MenuController->run()
#9 D:\PHPWorkspace\yiiroot\framework\web\CWebApplication.php(141): CWebApplication->runController()
#10 D:\PHPWorkspace\yiiroot\framework\base\CApplication.php(180): CWebApplication->processRequest()
#11 D:\PHPWorkspace\windlife\index.php(13): CWebApplication->run()
REQUEST_URI=/?r=admin/menu/listorder
2014/09/29 14:40:29 [error] [php] Undefined variable: row (D:\PHPWorkspace\windlife\protected\components\behaviors\SynchronousAccessBehavior.php:47)
Stack trace:
#0 D:\PHPWorkspace\yiiroot\framework\db\ar\CActiveRecord.php(958): Menu->onAfterSave()
#1 D:\PHPWorkspace\yiiroot\framework\db\ar\CActiveRecord.php(1126): Menu->afterSave()
#2 D:\PHPWorkspace\yiiroot\framework\db\ar\CActiveRecord.php(806): Menu->update()
#3 D:\PHPWorkspace\windlife\protected\modules\admin\components\actions\ListorderAction.php(20): Menu->save()
#4 D:\PHPWorkspace\yiiroot\framework\web\actions\CAction.php(76): ListorderAction->run()
#5 D:\PHPWorkspace\yiiroot\framework\web\CController.php(308): ListorderAction->runWithParams()
#6 D:\PHPWorkspace\yiiroot\framework\web\CController.php(286): MenuController->runAction()
#7 D:\PHPWorkspace\yiiroot\framework\web\CController.php(265): MenuController->runActionWithFilters()
#8 D:\PHPWorkspace\yiiroot\framework\web\CWebApplication.php(282): MenuController->run()
#9 D:\PHPWorkspace\yiiroot\framework\web\CWebApplication.php(141): CWebApplication->runController()
#10 D:\PHPWorkspace\yiiroot\framework\base\CApplication.php(180): CWebApplication->processRequest()
#11 D:\PHPWorkspace\windlife\index.php(13): CWebApplication->run()
REQUEST_URI=/?r=admin/menu/listorder
2014/09/29 14:54:55 [error] [system.db.CDbCommand] CDbCommand::execute() failed: SQLSTATE[23000]: Integrity constraint violation: 1062 Duplicate entry 'admin_setting_index' for key 'PRIMARY'. The SQL statement executed was: INSERT INTO `wl_authitem` (`name`, `type`, `description`, `bizrule`, `data`, `menu_id`) VALUES (:name, :type, :description, :bizrule, :data, :menu_id).
2014/09/29 14:54:55 [error] [exception.CDbException] exception 'CDbException' with message 'CDbCommand 无法执行 SQL 语句: SQLSTATE[23000]: Integrity constraint violation: 1062 Duplicate entry 'admin_setting_index' for key 'PRIMARY'' in D:\PHPWorkspace\yiiroot\framework\db\CDbCommand.php:358
Stack trace:
#0 D:\PHPWorkspace\yiiroot\framework\db\CDbCommand.php(1250): CDbCommand->execute(Array)
#1 D:\PHPWorkspace\windlife\protected\components\behaviors\SynchronousAccessBehavior.php(28): CDbCommand->insert('{{authitem}}', Array)
#2 D:\PHPWorkspace\yiiroot\framework\base\CComponent.php(561): SynchronousAccessBehavior->afterSave(Object(CEvent))
#3 D:\PHPWorkspace\yiiroot\framework\db\ar\CActiveRecord.php(849): CComponent->raiseEvent('onAfterSave', Object(CEvent))
#4 D:\PHPWorkspace\yiiroot\framework\db\ar\CActiveRecord.php(958): CActiveRecord->onAfterSave(Object(CEvent))
#5 D:\PHPWorkspace\yiiroot\framework\db\ar\CActiveRecord.php(1126): CActiveRecord->afterSave()
#6 D:\PHPWorkspace\yiiroot\framework\db\ar\CActiveRecord.php(806): CActiveRecord->update(NULL)
#7 D:\PHPWorkspace\windlife\protected\modules\admin\components\actions\ListorderAction.php(20): CActiveRecord->save()
#8 D:\PHPWorkspace\yiiroot\framework\web\actions\CAction.php(76): ListorderAction->run()
#9 D:\PHPWorkspace\yiiroot\framework\web\CController.php(308): CAction->runWithParams(Array)
#10 D:\PHPWorkspace\yiiroot\framework\web\CController.php(286): CController->runAction(Object(ListorderAction))
#11 D:\PHPWorkspace\yiiroot\framework\web\CController.php(265): CController->runActionWithFilters(Object(ListorderAction), Array)
#12 D:\PHPWorkspace\yiiroot\framework\web\CWebApplication.php(282): CController->run('listorder')
#13 D:\PHPWorkspace\yiiroot\framework\web\CWebApplication.php(141): CWebApplication->runController('admin/menu/list...')
#14 D:\PHPWorkspace\yiiroot\framework\base\CApplication.php(180): CWebApplication->processRequest()
#15 D:\PHPWorkspace\windlife\index.php(13): CApplication->run()
#16 {main}
REQUEST_URI=/?r=admin/menu/listorder
HTTP_REFERER=http://localhost/?r=admin/menu/index
---
2014/09/29 14:55:51 [error] [exception.CHttpException.404] exception 'CHttpException' with message '无法解析请求 "admin/log/index"。' in D:\PHPWorkspace\yiiroot\framework\web\CWebApplication.php:286
Stack trace:
#0 D:\PHPWorkspace\yiiroot\framework\web\CWebApplication.php(141): CWebApplication->runController('admin/log/index')
#1 D:\PHPWorkspace\yiiroot\framework\base\CApplication.php(180): CWebApplication->processRequest()
#2 D:\PHPWorkspace\windlife\index.php(13): CApplication->run()
#3 {main}
REQUEST_URI=/?r=admin/log/index
HTTP_REFERER=http://localhost/?r=admin/default/index
---
2014/09/29 14:55:57 [error] [system.db.CDbCommand] CDbCommand::execute() failed: SQLSTATE[23000]: Integrity constraint violation: 1062 Duplicate entry 'admin_setting_index' for key 'PRIMARY'. The SQL statement executed was: INSERT INTO `wl_authitem` (`name`, `type`, `description`, `bizrule`, `data`, `menu_id`) VALUES (:name, :type, :description, :bizrule, :data, :menu_id).
in D:\PHPWorkspace\windlife\protected\components\behaviors\SynchronousAccessBehavior.php (28)
in D:\PHPWorkspace\windlife\protected\modules\admin\components\actions\ListorderAction.php (20)
in D:\PHPWorkspace\windlife\index.php (13)
2014/09/29 14:55:57 [error] [exception.CDbException] exception 'CDbException' with message 'CDbCommand 无法执行 SQL 语句: SQLSTATE[23000]: Integrity constraint violation: 1062 Duplicate entry 'admin_setting_index' for key 'PRIMARY'. The SQL statement executed was: INSERT INTO `wl_authitem` (`name`, `type`, `description`, `bizrule`, `data`, `menu_id`) VALUES (:name, :type, :description, :bizrule, :data, :menu_id)' in D:\PHPWorkspace\yiiroot\framework\db\CDbCommand.php:358
Stack trace:
#0 D:\PHPWorkspace\yiiroot\framework\db\CDbCommand.php(1250): CDbCommand->execute(Array)
#1 D:\PHPWorkspace\windlife\protected\components\behaviors\SynchronousAccessBehavior.php(28): CDbCommand->insert('{{authitem}}', Array)
#2 D:\PHPWorkspace\yiiroot\framework\base\CComponent.php(561): SynchronousAccessBehavior->afterSave(Object(CEvent))
#3 D:\PHPWorkspace\yiiroot\framework\db\ar\CActiveRecord.php(849): CComponent->raiseEvent('onAfterSave', Object(CEvent))
#4 D:\PHPWorkspace\yiiroot\framework\db\ar\CActiveRecord.php(958): CActiveRecord->onAfterSave(Object(CEvent))
#5 D:\PHPWorkspace\yiiroot\framework\db\ar\CActiveRecord.php(1126): CActiveRecord->afterSave()
#6 D:\PHPWorkspace\yiiroot\framework\db\ar\CActiveRecord.php(806): CActiveRecord->update(NULL)
#7 D:\PHPWorkspace\windlife\protected\modules\admin\components\actions\ListorderAction.php(20): CActiveRecord->save()
#8 D:\PHPWorkspace\yiiroot\framework\web\actions\CAction.php(76): ListorderAction->run()
#9 D:\PHPWorkspace\yiiroot\framework\web\CController.php(308): CAction->runWithParams(Array)
#10 D:\PHPWorkspace\yiiroot\framework\web\CController.php(286): CController->runAction(Object(ListorderAction))
#11 D:\PHPWorkspace\yiiroot\framework\web\CController.php(265): CController->runActionWithFilters(Object(ListorderAction), Array)
#12 D:\PHPWorkspace\yiiroot\framework\web\CWebApplication.php(282): CController->run('listorder')
#13 D:\PHPWorkspace\yiiroot\framework\web\CWebApplication.php(141): CWebApplication->runController('admin/menu/list...')
#14 D:\PHPWorkspace\yiiroot\framework\base\CApplication.php(180): CWebApplication->processRequest()
#15 D:\PHPWorkspace\windlife\index.php(13): CApplication->run()
#16 {main}
REQUEST_URI=/?r=admin/menu/listorder
HTTP_REFERER=http://localhost/?r=admin/menu/index
---
2014/09/29 15:00:00 [error] [exception.CHttpException.404] exception 'CHttpException' with message '无法解析请求 "abc/index.php"。' in D:\PHPWorkspace\yiiroot\framework\web\CWebApplication.php:286
Stack trace:
#0 D:\PHPWorkspace\yiiroot\framework\web\CWebApplication.php(141): CWebApplication->runController('abc/index.php')
#1 D:\PHPWorkspace\yiiroot\framework\base\CApplication.php(180): CWebApplication->processRequest()
#2 D:\PHPWorkspace\windlife\index.php(13): CApplication->run()
#3 {main}
REQUEST_URI=/abc/index.php?r=admin/settlement/Orderdetailextra&OrderID=411
---
2014/09/29 15:11:29 [error] [php] array_key_exists() expects parameter 2 to be array, null given (D:\PHPWorkspace\windlife\protected\components\behaviors\SynchronousAccessBehavior.php:14)
Stack trace:
#0 D:\PHPWorkspace\yiiroot\framework\db\ar\CActiveRecord.php(849): Menu->raiseEvent()
#1 D:\PHPWorkspace\yiiroot\framework\db\ar\CActiveRecord.php(958): Menu->onAfterSave()
#2 D:\PHPWorkspace\yiiroot\framework\db\ar\CActiveRecord.php(1126): Menu->afterSave()
#3 D:\PHPWorkspace\yiiroot\framework\db\ar\CActiveRecord.php(806): Menu->update()
#4 D:\PHPWorkspace\windlife\protected\modules\admin\components\actions\ListorderAction.php(20): Menu->save()
#5 D:\PHPWorkspace\yiiroot\framework\web\actions\CAction.php(76): ListorderAction->run()
#6 D:\PHPWorkspace\yiiroot\framework\web\CController.php(308): ListorderAction->runWithParams()
#7 D:\PHPWorkspace\yiiroot\framework\web\CController.php(286): MenuController->runAction()
#8 D:\PHPWorkspace\yiiroot\framework\web\CController.php(265): MenuController->runActionWithFilters()
#9 D:\PHPWorkspace\yiiroot\framework\web\CWebApplication.php(282): MenuController->run()
#10 D:\PHPWorkspace\yiiroot\framework\web\CWebApplication.php(141): CWebApplication->runController()
#11 D:\PHPWorkspace\yiiroot\framework\base\CApplication.php(180): CWebApplication->processRequest()
#12 D:\PHPWorkspace\windlife\index.php(13): CWebApplication->run()
REQUEST_URI=/?r=admin/menu/listorder
in D:\PHPWorkspace\windlife\protected\components\behaviors\SynchronousAccessBehavior.php (14)
in D:\PHPWorkspace\windlife\protected\modules\admin\components\actions\ListorderAction.php (20)
in D:\PHPWorkspace\windlife\index.php (13)
2014/10/24 16:19:19 [error] [exception.CHttpException.404] exception 'CHttpException' with message '无法解析请求 "css/style.css"。' in D:\PHPWorkspace\yiiroot\framework\web\CWebApplication.php:286
Stack trace:
#0 D:\PHPWorkspace\yiiroot\framework\web\CWebApplication.php(141): CWebApplication->runController('css/style.css')
#1 D:\PHPWorkspace\yiiroot\framework\base\CApplication.php(180): CWebApplication->processRequest()
#2 D:\PHPWorkspace\windlife\index.php(13): CApplication->run()
#3 {main}
REQUEST_URI=/css/style.css
HTTP_REFERER=http://localhost/
---
2014/10/24 16:19:19 [error] [exception.CHttpException.404] exception 'CHttpException' with message '无法解析请求 "favicon.ico"。' in D:\PHPWorkspace\yiiroot\framework\web\CWebApplication.php:286
Stack trace:
#0 D:\PHPWorkspace\yiiroot\framework\web\CWebApplication.php(141): CWebApplication->runController('favicon.ico')
#1 D:\PHPWorkspace\yiiroot\framework\base\CApplication.php(180): CWebApplication->processRequest()
#2 D:\PHPWorkspace\windlife\index.php(13): CApplication->run()
#3 {main}
REQUEST_URI=/favicon.ico
---
2014/10/24 16:19:35 [error] [exception.CHttpException.404] exception 'CHttpException' with message '无法解析请求 "favicon.ico"。' in D:\PHPWorkspace\yiiroot\framework\web\CWebApplication.php:286
Stack trace:
#0 D:\PHPWorkspace\yiiroot\framework\web\CWebApplication.php(141): CWebApplication->runController('favicon.ico')
#1 D:\PHPWorkspace\yiiroot\framework\base\CApplication.php(180): CWebApplication->processRequest()
#2 D:\PHPWorkspace\windlife\index.php(13): CApplication->run()
#3 {main}
REQUEST_URI=/favicon.ico
---
2014/10/28 13:47:42 [error] [exception.CDbException] exception 'CDbException' with message 'CDbConnection failed to open the DB connection: SQLSTATE[HY000] [2002] Ŀܾ޷ӡ
' in D:\PHPWorkspace\yiiroot\framework\db\CDbConnection.php:382
Stack trace:
#0 D:\PHPWorkspace\yiiroot\framework\db\CDbConnection.php(330): CDbConnection->open()
#1 D:\PHPWorkspace\yiiroot\framework\db\CDbConnection.php(308): CDbConnection->setActive(true)
#2 D:\PHPWorkspace\yiiroot\framework\base\CModule.php(387): CDbConnection->init()
#3 D:\PHPWorkspace\yiiroot\framework\base\CModule.php(103): CModule->getComponent('db')
#4 D:\PHPWorkspace\windlife\protected\components\extenders\CacheManage.php(178): CModule->__get('db')
#5 [internal function]: CacheManage->_updateUrlruleCache()
#6 D:\PHPWorkspace\windlife\protected\components\extenders\CacheManage.php(33): call_user_func(Array)
#7 D:\PHPWorkspace\windlife\protected\components\extenders\UrlManager.php(12): CacheManage->findCache()
#8 D:\PHPWorkspace\windlife\protected\components\extenders\UrlManager.php(6): UrlManager->getRules()
#9 D:\PHPWorkspace\yiiroot\framework\base\CModule.php(387): UrlManager->init()
#10 D:\PHPWorkspace\yiiroot\framework\base\CApplication.php(522): CModule->getComponent('urlManager')
#11 D:\PHPWorkspace\yiiroot\framework\web\CWebApplication.php(140): CApplication->getUrlManager()
#12 D:\PHPWorkspace\yiiroot\framework\base\CApplication.php(180): CWebApplication->processRequest()
#13 D:\PHPWorkspace\windlife\index.php(13): CApplication->run()
#14 {main}
REQUEST_URI=/
---
2014/10/29 19:19:36 [error] [exception.CDbException] exception 'CDbException' with message 'CDbConnection failed to open the DB connection: SQLSTATE[HY000] [2002] Ŀܾ޷ӡ
' in D:\PHPWorkspace\yiiroot\framework\db\CDbConnection.php:382
Stack trace:
#0 D:\PHPWorkspace\yiiroot\framework\db\CDbConnection.php(330): CDbConnection->open()
#1 D:\PHPWorkspace\yiiroot\framework\db\CDbConnection.php(308): CDbConnection->setActive(true)
#2 D:\PHPWorkspace\yiiroot\framework\base\CModule.php(387): CDbConnection->init()
#3 D:\PHPWorkspace\yiiroot\framework\base\CModule.php(103): CModule->getComponent('db')
#4 D:\PHPWorkspace\windlife\protected\components\extenders\CacheManage.php(178): CModule->__get('db')
#5 [internal function]: CacheManage->_updateUrlruleCache()
#6 D:\PHPWorkspace\windlife\protected\components\extenders\CacheManage.php(33): call_user_func(Array)
#7 D:\PHPWorkspace\windlife\protected\components\extenders\UrlManager.php(12): CacheManage->findCache()
#8 D:\PHPWorkspace\windlife\protected\components\extenders\UrlManager.php(6): UrlManager->getRules()
#9 D:\PHPWorkspace\yiiroot\framework\base\CModule.php(387): UrlManager->init()
#10 D:\PHPWorkspace\yiiroot\framework\base\CApplication.php(522): CModule->getComponent('urlManager')
#11 D:\PHPWorkspace\yiiroot\framework\web\CWebApplication.php(140): CApplication->getUrlManager()
#12 D:\PHPWorkspace\yiiroot\framework\base\CApplication.php(180): CWebApplication->processRequest()
#13 D:\PHPWorkspace\windlife\index.php(13): CApplication->run()
#14 {main}
REQUEST_URI=/
---
2014/10/29 19:19:53 [error] [exception.CHttpException.404] exception 'CHttpException' with message '无法解析请求 "css/style.css"。' in D:\PHPWorkspace\yiiroot\framework\web\CWebApplication.php:286
Stack trace:
#0 D:\PHPWorkspace\yiiroot\framework\web\CWebApplication.php(141): CWebApplication->runController('css/style.css')
#1 D:\PHPWorkspace\yiiroot\framework\base\CApplication.php(180): CWebApplication->processRequest()
#2 D:\PHPWorkspace\windlife\index.php(13): CApplication->run()
#3 {main}
REQUEST_URI=/css/style.css
HTTP_REFERER=http://localhost/
---
2014/10/29 19:19:55 [error] [exception.CHttpException.404] exception 'CHttpException' with message '无法解析请求 "css/style.css"。' in D:\PHPWorkspace\yiiroot\framework\web\CWebApplication.php:286
Stack trace:
#0 D:\PHPWorkspace\yiiroot\framework\web\CWebApplication.php(141): CWebApplication->runController('css/style.css')
#1 D:\PHPWorkspace\yiiroot\framework\base\CApplication.php(180): CWebApplication->processRequest()
#2 D:\PHPWorkspace\windlife\index.php(13): CApplication->run()
#3 {main}
REQUEST_URI=/css/style.css
HTTP_REFERER=http://localhost/
---
